# JRE version: OpenJDK Runtime Environment Temurin-21.0.8+9 (21.0.8+9) (build 21.0.8+9-LTS)
# Java VM: OpenJDK 64-Bit Server VM Temurin-21.0.8+9 (21.0.8+9-LTS, mixed mode, sharing, tiered, compressed oops, compressed class ptrs, parallel gc, windows-amd64)
GC Precious Log:
 CardTable entry size: 512
 CPUs: 4 total, 4 available
 Memory: 3919M
 Large Page Support: Disabled
 NUMA Support: Disabled
 Compressed Oops: Enabled (32-bit)
 Alignments: Space 512K, Generation 512K, Heap 2M
 Heap Min Capacity: 100M
 Heap Initial Capacity: 100M
 Heap Max Capacity: 2G
 Pre-touch: Disabled
 Parallel Workers: 4
Heap:
 PSYoungGen      total 8192K, used 2488K [0x00000000d5580000, 0x00000000d6100000, 0x0000000100000000)
  eden space 7168K, 27% used [0x00000000d5580000,0x00000000d5771b30,0x00000000d5c80000)
  from space 1024K, 48% used [0x00000000d5f00000,0x00000000d5f7c5b0,0x00000000d6000000)
  to   space 1024K, 0% used [0x00000000d6000000,0x00000000d6000000,0x00000000d6100000)
 ParOldGen       total 381952K, used 381888K [0x0000000080000000, 0x0000000097500000, 0x00000000d5580000)
  object space 381952K, 99% used [0x0000000080000000,0x00000000974f0008,0x0000000097500000)
 Metaspace       used 69899K, committed 71424K, reserved 1114112K
  class space    used 7485K, committed 8192K, reserved 1048576K
GC Heap History (20 events):
Event: 659.933 GC heap before
{Heap before GC invocations=297 (full 4):
 PSYoungGen      total 9216K, used 9184K [0x00000000d5580000, 0x00000000d6580000, 0x0000000100000000)
  eden space 7168K, 100% used [0x00000000d5580000,0x00000000d5c80000,0x00000000d5c80000)
  from space 2048K, 98% used [0x00000000d5d80000,0x00000000d5f78260,0x00000000d5f80000)
  to   space 4608K, 0% used [0x00000000d6100000,0x00000000d6100000,0x00000000d6580000)
 ParOldGen       total 373760K, used 373563K [0x0000000080000000, 0x0000000096d00000, 0x00000000d5580000)
  object space 373760K, 99% used [0x0000000080000000,0x0000000096ccec28,0x0000000096d00000)
 Metaspace       used 65901K, committed 67392K, reserved 1114112K
  class space    used 7008K, committed 7680K, reserved 1048576K
}
Event: 659.940 GC heap after
{Heap after GC invocations=297 (full 4):
 PSYoungGen      total 7680K, used 512K [0x00000000d5580000, 0x00000000d6180000, 0x0000000100000000)
  eden space 7168K, 0% used [0x00000000d5580000,0x00000000d5580000,0x00000000d5c80000)
  from space 512K, 100% used [0x00000000d6100000,0x00000000d6180000,0x00000000d6180000)
  to   space 2048K, 0% used [0x00000000d5d80000,0x00000000d5d80000,0x00000000d5f80000)
 ParOldGen       total 375808K, used 375475K [0x0000000080000000, 0x0000000096f00000, 0x00000000d5580000)
  object space 375808K, 99% used [0x0000000080000000,0x0000000096eace88,0x0000000096f00000)
 Metaspace       used 65901K, committed 67392K, reserved 1114112K
  class space    used 7008K, committed 7680K, reserved 1048576K
}
Event: 660.664 GC heap before
{Heap before GC invocations=298 (full 4):
 PSYoungGen      total 7680K, used 7680K [0x00000000d5580000, 0x00000000d6180000, 0x0000000100000000)
  eden space 7168K, 100% used [0x00000000d5580000,0x00000000d5c80000,0x00000000d5c80000)
  from space 512K, 100% used [0x00000000d6100000,0x00000000d6180000,0x00000000d6180000)
  to   space 2048K, 0% used [0x00000000d5d80000,0x00000000d5d80000,0x00000000d5f80000)
 ParOldGen       total 375808K, used 375475K [0x0000000080000000, 0x0000000096f00000, 0x00000000d5580000)
  object space 375808K, 99% used [0x0000000080000000,0x0000000096eace88,0x0000000096f00000)
 Metaspace       used 66059K, committed 67520K, reserved 1114112K
  class space    used 7012K, committed 7680K, reserved 1048576K
}
Event: 660.668 GC heap after
{Heap after GC invocations=298 (full 4):
 PSYoungGen      total 9216K, used 2022K [0x00000000d5580000, 0x00000000d6580000, 0x0000000100000000)
  eden space 7168K, 0% used [0x00000000d5580000,0x00000000d5580000,0x00000000d5c80000)
  from space 2048K, 98% used [0x00000000d5d80000,0x00000000d5f79b00,0x00000000d5f80000)
  to   space 4608K, 0% used [0x00000000d6100000,0x00000000d6100000,0x00000000d6580000)
 ParOldGen       total 377344K, used 377163K [0x0000000080000000, 0x0000000097080000, 0x00000000d5580000)
  object space 377344K, 99% used [0x0000000080000000,0x0000000097052e88,0x0000000097080000)
 Metaspace       used 66059K, committed 67520K, reserved 1114112K
  class space    used 7012K, committed 7680K, reserved 1048576K
}
Event: 660.909 GC heap before
{Heap before GC invocations=299 (full 4):
 PSYoungGen      total 9216K, used 9190K [0x00000000d5580000, 0x00000000d6580000, 0x0000000100000000)
  eden space 7168K, 100% used [0x00000000d5580000,0x00000000d5c80000,0x00000000d5c80000)
  from space 2048K, 98% used [0x00000000d5d80000,0x00000000d5f79b00,0x00000000d5f80000)
  to   space 4608K, 0% used [0x00000000d6100000,0x00000000d6100000,0x00000000d6580000)
 ParOldGen       total 377344K, used 377163K [0x0000000080000000, 0x0000000097080000, 0x00000000d5580000)
  object space 377344K, 99% used [0x0000000080000000,0x0000000097052e88,0x0000000097080000)
 Metaspace       used 66069K, committed 67520K, reserved 1114112K
  class space    used 7012K, committed 7680K, reserved 1048576K
}
Event: 660.912 GC heap after
{Heap after GC invocations=299 (full 4):
 PSYoungGen      total 9728K, used 2144K [0x00000000d5580000, 0x00000000d6380000, 0x0000000100000000)
  eden space 7168K, 0% used [0x00000000d5580000,0x00000000d5580000,0x00000000d5c80000)
  from space 2560K, 83% used [0x00000000d6100000,0x00000000d6318220,0x00000000d6380000)
  to   space 3072K, 0% used [0x00000000d5d80000,0x00000000d5d80000,0x00000000d6080000)
 ParOldGen       total 377856K, used 377403K [0x0000000080000000, 0x0000000097100000, 0x00000000d5580000)
  object space 377856K, 99% used [0x0000000080000000,0x000000009708ee98,0x0000000097100000)
 Metaspace       used 66069K, committed 67520K, reserved 1114112K
  class space    used 7012K, committed 7680K, reserved 1048576K
}
Event: 661.030 GC heap before
{Heap before GC invocations=300 (full 4):
 PSYoungGen      total 9728K, used 9312K [0x00000000d5580000, 0x00000000d6380000, 0x0000000100000000)
  eden space 7168K, 99% used [0x00000000d5580000,0x00000000d5c7ffd0,0x00000000d5c80000)
  from space 2560K, 83% used [0x00000000d6100000,0x00000000d6318220,0x00000000d6380000)
  to   space 3072K, 0% used [0x00000000d5d80000,0x00000000d5d80000,0x00000000d6080000)
 ParOldGen       total 377856K, used 377403K [0x0000000080000000, 0x0000000097100000, 0x00000000d5580000)
  object space 377856K, 99% used [0x0000000080000000,0x000000009708ee98,0x0000000097100000)
 Metaspace       used 66240K, committed 67712K, reserved 1114112K
  class space    used 7022K, committed 7680K, reserved 1048576K
}
Event: 661.036 GC heap after
{Heap after GC invocations=300 (full 4):
 PSYoungGen      total 10240K, used 3056K [0x00000000d5580000, 0x00000000d6580000, 0x0000000100000000)
  eden space 7168K, 0% used [0x00000000d5580000,0x00000000d5580000,0x00000000d5c80000)
  from space 3072K, 99% used [0x00000000d5d80000,0x00000000d607c250,0x00000000d6080000)
  to   space 4608K, 0% used [0x00000000d6100000,0x00000000d6100000,0x00000000d6580000)
 ParOldGen       total 378368K, used 378312K [0x0000000080000000, 0x0000000097180000, 0x00000000d5580000)
  object space 378368K, 99% used [0x0000000080000000,0x0000000097172318,0x0000000097180000)
 Metaspace       used 66240K, committed 67712K, reserved 1114112K
  class space    used 7022K, committed 7680K, reserved 1048576K
}
Event: 662.000 GC heap before
{Heap before GC invocations=301 (full 4):
 PSYoungGen      total 10240K, used 10224K [0x00000000d5580000, 0x00000000d6580000, 0x0000000100000000)
  eden space 7168K, 100% used [0x00000000d5580000,0x00000000d5c80000,0x00000000d5c80000)
  from space 3072K, 99% used [0x00000000d5d80000,0x00000000d607c250,0x00000000d6080000)
  to   space 4608K, 0% used [0x00000000d6100000,0x00000000d6100000,0x00000000d6580000)
 ParOldGen       total 378368K, used 378312K [0x0000000080000000, 0x0000000097180000, 0x00000000d5580000)
  object space 378368K, 99% used [0x0000000080000000,0x0000000097172318,0x0000000097180000)
 Metaspace       used 66380K, committed 67840K, reserved 1114112K
  class space    used 7023K, committed 7680K, reserved 1048576K
}
Event: 662.007 GC heap after
{Heap after GC invocations=301 (full 4):
 PSYoungGen      total 8192K, used 944K [0x00000000d5580000, 0x00000000d6200000, 0x0000000100000000)
  eden space 7168K, 0% used [0x00000000d5580000,0x00000000d5580000,0x00000000d5c80000)
  from space 1024K, 92% used [0x00000000d6100000,0x00000000d61ec010,0x00000000d6200000)
  to   space 2560K, 0% used [0x00000000d5d00000,0x00000000d5d00000,0x00000000d5f80000)
 ParOldGen       total 381440K, used 381119K [0x0000000080000000, 0x0000000097480000, 0x00000000d5580000)
  object space 381440K, 99% used [0x0000000080000000,0x000000009742ffa8,0x0000000097480000)
 Metaspace       used 66380K, committed 67840K, reserved 1114112K
  class space    used 7023K, committed 7680K, reserved 1048576K
}
Event: 673.746 GC heap before
{Heap before GC invocations=302 (full 4):
 PSYoungGen      total 8192K, used 8112K [0x00000000d5580000, 0x00000000d6200000, 0x0000000100000000)
  eden space 7168K, 100% used [0x00000000d5580000,0x00000000d5c80000,0x00000000d5c80000)
  from space 1024K, 92% used [0x00000000d6100000,0x00000000d61ec010,0x00000000d6200000)
  to   space 2560K, 0% used [0x00000000d5d00000,0x00000000d5d00000,0x00000000d5f80000)
 ParOldGen       total 381440K, used 381119K [0x0000000080000000, 0x0000000097480000, 0x00000000d5580000)
  object space 381440K, 99% used [0x0000000080000000,0x000000009742ffa8,0x0000000097480000)
 Metaspace       used 66521K, committed 67968K, reserved 1114112K
  class space    used 7025K, committed 7680K, reserved 1048576K
}
Event: 673.772 GC heap after
{Heap after GC invocations=302 (full 4):
 PSYoungGen      total 9728K, used 512K [0x00000000d5580000, 0x00000000d6180000, 0x0000000100000000)
  eden space 7168K, 0% used [0x00000000d5580000,0x00000000d5580000,0x00000000d5c80000)
  from space 2560K, 20% used [0x00000000d5d00000,0x00000000d5d80000,0x00000000d5f80000)
  to   space 1024K, 0% used [0x00000000d6080000,0x00000000d6080000,0x00000000d6180000)
 ParOldGen       total 381440K, used 381127K [0x0000000080000000, 0x0000000097480000, 0x00000000d5580000)
  object space 381440K, 99% used [0x0000000080000000,0x0000000097431fa8,0x0000000097480000)
 Metaspace       used 66521K, committed 67968K, reserved 1114112K
  class space    used 7025K, committed 7680K, reserved 1048576K
}
Event: 802.000 GC heap before
{Heap before GC invocations=303 (full 4):
 PSYoungGen      total 9728K, used 7678K [0x00000000d5580000, 0x00000000d6180000, 0x0000000100000000)
  eden space 7168K, 99% used [0x00000000d5580000,0x00000000d5c7fbf0,0x00000000d5c80000)
  from space 2560K, 20% used [0x00000000d5d00000,0x00000000d5d80000,0x00000000d5f80000)
  to   space 1024K, 0% used [0x00000000d6080000,0x00000000d6080000,0x00000000d6180000)
 ParOldGen       total 381440K, used 381127K [0x0000000080000000, 0x0000000097480000, 0x00000000d5580000)
  object space 381440K, 99% used [0x0000000080000000,0x0000000097431fa8,0x0000000097480000)
 Metaspace       used 67185K, committed 68608K, reserved 1114112K
  class space    used 7091K, committed 7744K, reserved 1048576K
}
Event: 802.748 GC heap after
{Heap after GC invocations=303 (full 4):
 PSYoungGen      total 8192K, used 656K [0x00000000d5580000, 0x00000000d6180000, 0x0000000100000000)
  eden space 7168K, 0% used [0x00000000d5580000,0x00000000d5580000,0x00000000d5c80000)
  from space 1024K, 64% used [0x00000000d6080000,0x00000000d6124010,0x00000000d6180000)
  to   space 1024K, 0% used [0x00000000d5f80000,0x00000000d5f80000,0x00000000d6080000)
 ParOldGen       total 381440K, used 381135K [0x0000000080000000, 0x0000000097480000, 0x00000000d5580000)
  object space 381440K, 99% used [0x0000000080000000,0x0000000097433fa8,0x0000000097480000)
 Metaspace       used 67185K, committed 68608K, reserved 1114112K
  class space    used 7091K, committed 7744K, reserved 1048576K
}
Event: 803.088 GC heap before
{Heap before GC invocations=304 (full 4):
 PSYoungGen      total 8192K, used 7822K [0x00000000d5580000, 0x00000000d6180000, 0x0000000100000000)
  eden space 7168K, 99% used [0x00000000d5580000,0x00000000d5c7fb30,0x00000000d5c80000)
  from space 1024K, 64% used [0x00000000d6080000,0x00000000d6124010,0x00000000d6180000)
  to   space 1024K, 0% used [0x00000000d5f80000,0x00000000d5f80000,0x00000000d6080000)
 ParOldGen       total 381440K, used 381135K [0x0000000080000000, 0x0000000097480000, 0x00000000d5580000)
  object space 381440K, 99% used [0x0000000080000000,0x0000000097433fa8,0x0000000097480000)
 Metaspace       used 68094K, committed 69440K, reserved 1114112K
  class space    used 7191K, committed 7808K, reserved 1048576K
}
Event: 803.094 GC heap after
{Heap after GC invocations=304 (full 4):
 PSYoungGen      total 8192K, used 897K [0x00000000d5580000, 0x00000000d6100000, 0x0000000100000000)
  eden space 7168K, 0% used [0x00000000d5580000,0x00000000d5580000,0x00000000d5c80000)
  from space 1024K, 87% used [0x00000000d5f80000,0x00000000d60605e0,0x00000000d6080000)
  to   space 512K, 0% used [0x00000000d6080000,0x00000000d6080000,0x00000000d6100000)
 ParOldGen       total 381440K, used 381135K [0x0000000080000000, 0x0000000097480000, 0x00000000d5580000)
  object space 381440K, 99% used [0x0000000080000000,0x0000000097433fa8,0x0000000097480000)
 Metaspace       used 68094K, committed 69440K, reserved 1114112K
  class space    used 7191K, committed 7808K, reserved 1048576K
}
Event: 803.251 GC heap before
{Heap before GC invocations=305 (full 4):
 PSYoungGen      total 8192K, used 8065K [0x00000000d5580000, 0x00000000d6100000, 0x0000000100000000)
  eden space 7168K, 100% used [0x00000000d5580000,0x00000000d5c80000,0x00000000d5c80000)
  from space 1024K, 87% used [0x00000000d5f80000,0x00000000d60605e0,0x00000000d6080000)
  to   space 512K, 0% used [0x00000000d6080000,0x00000000d6080000,0x00000000d6100000)
 ParOldGen       total 381440K, used 381135K [0x0000000080000000, 0x0000000097480000, 0x00000000d5580000)
  object space 381440K, 99% used [0x0000000080000000,0x0000000097433fa8,0x0000000097480000)
 Metaspace       used 68785K, committed 70208K, reserved 1114112K
  class space    used 7327K, committed 8000K, reserved 1048576K
}
Event: 803.253 GC heap after
{Heap after GC invocations=305 (full 4):
 PSYoungGen      total 7680K, used 481K [0x00000000d5580000, 0x00000000d6100000, 0x0000000100000000)
  eden space 7168K, 0% used [0x00000000d5580000,0x00000000d5580000,0x00000000d5c80000)
  from space 512K, 94% used [0x00000000d6080000,0x00000000d60f85c0,0x00000000d6100000)
  to   space 1024K, 0% used [0x00000000d5f00000,0x00000000d5f00000,0x00000000d6000000)
 ParOldGen       total 381952K, used 381584K [0x0000000080000000, 0x0000000097500000, 0x00000000d5580000)
  object space 381952K, 99% used [0x0000000080000000,0x00000000974a4008,0x0000000097500000)
 Metaspace       used 68785K, committed 70208K, reserved 1114112K
  class space    used 7327K, committed 8000K, reserved 1048576K
}
Event: 803.494 GC heap before
{Heap before GC invocations=306 (full 4):
 PSYoungGen      total 7680K, used 7649K [0x00000000d5580000, 0x00000000d6100000, 0x0000000100000000)
  eden space 7168K, 100% used [0x00000000d5580000,0x00000000d5c80000,0x00000000d5c80000)
  from space 512K, 94% used [0x00000000d6080000,0x00000000d60f85c0,0x00000000d6100000)
  to   space 1024K, 0% used [0x00000000d5f00000,0x00000000d5f00000,0x00000000d6000000)
 ParOldGen       total 381952K, used 381584K [0x0000000080000000, 0x0000000097500000, 0x00000000d5580000)
  object space 381952K, 99% used [0x0000000080000000,0x00000000974a4008,0x0000000097500000)
 Metaspace       used 69638K, committed 71104K, reserved 1114112K
  class space    used 7457K, committed 8128K, reserved 1048576K
}
Event: 803.500 GC heap after
{Heap after GC invocations=306 (full 4):
 PSYoungGen      total 8192K, used 497K [0x00000000d5580000, 0x00000000d6100000, 0x0000000100000000)
  eden space 7168K, 0% used [0x00000000d5580000,0x00000000d5580000,0x00000000d5c80000)
  from space 1024K, 48% used [0x00000000d5f00000,0x00000000d5f7c5b0,0x00000000d6000000)
  to   space 1024K, 0% used [0x00000000d6000000,0x00000000d6000000,0x00000000d6100000)
 ParOldGen       total 381952K, used 381888K [0x0000000080000000, 0x0000000097500000, 0x00000000d5580000)
  object space 381952K, 99% used [0x0000000080000000,0x00000000974f0008,0x0000000097500000)
 Metaspace       used 69638K, committed 71104K, reserved 1114112K
  class space    used 7457K, committed 8128K, reserved 1048576K
}

