# JRE version: OpenJDK Runtime Environment Temurin-21.0.8+9 (21.0.8+9) (build 21.0.8+9-LTS)
# Java VM: OpenJDK 64-Bit Server VM Temurin-21.0.8+9 (21.0.8+9-LTS, mixed mode, sharing, tiered, compressed oops, compressed class ptrs, parallel gc, windows-amd64)
GC Precious Log:
 CardTable entry size: 512
 CPUs: 4 total, 4 available
 Memory: 3919M
 Large Page Support: Disabled
 NUMA Support: Disabled
 Compressed Oops: Enabled (32-bit)
 Alignments: Space 512K, Generation 512K, Heap 2M
 Heap Min Capacity: 100M
 Heap Initial Capacity: 100M
 Heap Max Capacity: 2G
 Pre-touch: Disabled
 Parallel Workers: 4
Heap:
 PSYoungGen      total 3584K, used 3026K [0x00000000d5580000, 0x00000000d5a80000, 0x0000000100000000)
  eden space 3072K, 94% used [0x00000000d5580000,0x00000000d5854828,0x00000000d5880000)
  from space 512K, 25% used [0x00000000d5a00000,0x00000000d5a20000,0x00000000d5a80000)
  to   space 512K, 0% used [0x00000000d5980000,0x00000000d5980000,0x00000000d5a00000)
 ParOldGen       total 808448K, used 120159K [0x0000000080000000, 0x00000000b1580000, 0x00000000d5580000)
  object space 808448K, 14% used [0x0000000080000000,0x0000000087557c00,0x00000000b1580000)
 Metaspace       used 82720K, committed 84352K, reserved 1179648K
  class space    used 8781K, committed 9536K, reserved 1048576K
GC Heap History (20 events):
Event: 5804.296 GC heap before
{Heap before GC invocations=877 (full 4):
 PSYoungGen      total 1536K, used 1363K [0x00000000d5580000, 0x00000000d5a80000, 0x0000000100000000)
  eden space 1024K, 99% used [0x00000000d5580000,0x00000000d567ffe8,0x00000000d5680000)
  from space 512K, 66% used [0x00000000d5a00000,0x00000000d5a55000,0x00000000d5a80000)
  to   space 1024K, 0% used [0x00000000d5880000,0x00000000d5880000,0x00000000d5980000)
 ParOldGen       total 808448K, used 113605K [0x0000000080000000, 0x00000000b1580000, 0x00000000d5580000)
  object space 808448K, 14% used [0x0000000080000000,0x0000000086ef17b0,0x00000000b1580000)
 Metaspace       used 82652K, committed 84352K, reserved 1179648K
  class space    used 8777K, committed 9536K, reserved 1048576K
}
Event: 5804.299 GC heap after
{Heap after GC invocations=877 (full 4):
 PSYoungGen      total 2560K, used 784K [0x00000000d5580000, 0x00000000d5a80000, 0x0000000100000000)
  eden space 1536K, 0% used [0x00000000d5580000,0x00000000d5580000,0x00000000d5700000)
  from space 1024K, 76% used [0x00000000d5880000,0x00000000d5944000,0x00000000d5980000)
  to   space 1024K, 0% used [0x00000000d5980000,0x00000000d5980000,0x00000000d5a80000)
 ParOldGen       total 808448K, used 113813K [0x0000000080000000, 0x00000000b1580000, 0x00000000d5580000)
  object space 808448K, 14% used [0x0000000080000000,0x0000000086f257c0,0x00000000b1580000)
 Metaspace       used 82652K, committed 84352K, reserved 1179648K
  class space    used 8777K, committed 9536K, reserved 1048576K
}
Event: 5804.313 GC heap before
{Heap before GC invocations=878 (full 4):
 PSYoungGen      total 2560K, used 2319K [0x00000000d5580000, 0x00000000d5a80000, 0x0000000100000000)
  eden space 1536K, 99% used [0x00000000d5580000,0x00000000d56ffff0,0x00000000d5700000)
  from space 1024K, 76% used [0x00000000d5880000,0x00000000d5944000,0x00000000d5980000)
  to   space 1024K, 0% used [0x00000000d5980000,0x00000000d5980000,0x00000000d5a80000)
 ParOldGen       total 808448K, used 113813K [0x0000000080000000, 0x00000000b1580000, 0x00000000d5580000)
  object space 808448K, 14% used [0x0000000080000000,0x0000000086f257c0,0x00000000b1580000)
 Metaspace       used 82659K, committed 84352K, reserved 1179648K
  class space    used 8777K, committed 9536K, reserved 1048576K
}
Event: 5804.318 GC heap after
{Heap after GC invocations=878 (full 4):
 PSYoungGen      total 3072K, used 992K [0x00000000d5580000, 0x00000000d5a80000, 0x0000000100000000)
  eden space 2048K, 0% used [0x00000000d5580000,0x00000000d5580000,0x00000000d5780000)
  from space 1024K, 96% used [0x00000000d5980000,0x00000000d5a78000,0x00000000d5a80000)
  to   space 1536K, 0% used [0x00000000d5780000,0x00000000d5780000,0x00000000d5900000)
 ParOldGen       total 808448K, used 114549K [0x0000000080000000, 0x00000000b1580000, 0x00000000d5580000)
  object space 808448K, 14% used [0x0000000080000000,0x0000000086fdd7c0,0x00000000b1580000)
 Metaspace       used 82659K, committed 84352K, reserved 1179648K
  class space    used 8777K, committed 9536K, reserved 1048576K
}
Event: 5804.355 GC heap before
{Heap before GC invocations=879 (full 4):
 PSYoungGen      total 3072K, used 3040K [0x00000000d5580000, 0x00000000d5a80000, 0x0000000100000000)
  eden space 2048K, 100% used [0x00000000d5580000,0x00000000d5780000,0x00000000d5780000)
  from space 1024K, 96% used [0x00000000d5980000,0x00000000d5a78000,0x00000000d5a80000)
  to   space 1536K, 0% used [0x00000000d5780000,0x00000000d5780000,0x00000000d5900000)
 ParOldGen       total 808448K, used 114549K [0x0000000080000000, 0x00000000b1580000, 0x00000000d5580000)
  object space 808448K, 14% used [0x0000000080000000,0x0000000086fdd7c0,0x00000000b1580000)
 Metaspace       used 82663K, committed 84352K, reserved 1179648K
  class space    used 8777K, committed 9536K, reserved 1048576K
}
Event: 5804.362 GC heap after
{Heap after GC invocations=879 (full 4):
 PSYoungGen      total 3584K, used 1504K [0x00000000d5580000, 0x00000000d5e00000, 0x0000000100000000)
  eden space 2048K, 0% used [0x00000000d5580000,0x00000000d5580000,0x00000000d5780000)
  from space 1536K, 97% used [0x00000000d5780000,0x00000000d58f8220,0x00000000d5900000)
  to   space 3072K, 0% used [0x00000000d5b00000,0x00000000d5b00000,0x00000000d5e00000)
 ParOldGen       total 808448K, used 115557K [0x0000000080000000, 0x00000000b1580000, 0x00000000d5580000)
  object space 808448K, 14% used [0x0000000080000000,0x00000000870d97c0,0x00000000b1580000)
 Metaspace       used 82663K, committed 84352K, reserved 1179648K
  class space    used 8777K, committed 9536K, reserved 1048576K
}
Event: 5804.370 GC heap before
{Heap before GC invocations=880 (full 4):
 PSYoungGen      total 3584K, used 3552K [0x00000000d5580000, 0x00000000d5e00000, 0x0000000100000000)
  eden space 2048K, 100% used [0x00000000d5580000,0x00000000d5780000,0x00000000d5780000)
  from space 1536K, 97% used [0x00000000d5780000,0x00000000d58f8220,0x00000000d5900000)
  to   space 3072K, 0% used [0x00000000d5b00000,0x00000000d5b00000,0x00000000d5e00000)
 ParOldGen       total 808448K, used 115557K [0x0000000080000000, 0x00000000b1580000, 0x00000000d5580000)
  object space 808448K, 14% used [0x0000000080000000,0x00000000870d97c0,0x00000000b1580000)
 Metaspace       used 82663K, committed 84352K, reserved 1179648K
  class space    used 8777K, committed 9536K, reserved 1048576K
}
Event: 5804.380 GC heap after
{Heap after GC invocations=880 (full 4):
 PSYoungGen      total 4608K, used 2004K [0x00000000d5580000, 0x00000000d5d00000, 0x0000000100000000)
  eden space 2560K, 0% used [0x00000000d5580000,0x00000000d5580000,0x00000000d5800000)
  from space 2048K, 97% used [0x00000000d5b00000,0x00000000d5cf5000,0x00000000d5d00000)
  to   space 2560K, 0% used [0x00000000d5800000,0x00000000d5800000,0x00000000d5a80000)
 ParOldGen       total 808448K, used 117367K [0x0000000080000000, 0x00000000b1580000, 0x00000000d5580000)
  object space 808448K, 14% used [0x0000000080000000,0x000000008729dc00,0x00000000b1580000)
 Metaspace       used 82663K, committed 84352K, reserved 1179648K
  class space    used 8777K, committed 9536K, reserved 1048576K
}
Event: 5804.435 GC heap before
{Heap before GC invocations=881 (full 4):
 PSYoungGen      total 4608K, used 4563K [0x00000000d5580000, 0x00000000d5d00000, 0x0000000100000000)
  eden space 2560K, 99% used [0x00000000d5580000,0x00000000d57fff88,0x00000000d5800000)
  from space 2048K, 97% used [0x00000000d5b00000,0x00000000d5cf5000,0x00000000d5d00000)
  to   space 2560K, 0% used [0x00000000d5800000,0x00000000d5800000,0x00000000d5a80000)
 ParOldGen       total 808448K, used 117367K [0x0000000080000000, 0x00000000b1580000, 0x00000000d5580000)
  object space 808448K, 14% used [0x0000000080000000,0x000000008729dc00,0x00000000b1580000)
 Metaspace       used 82664K, committed 84352K, reserved 1179648K
  class space    used 8777K, committed 9536K, reserved 1048576K
}
Event: 5804.448 GC heap after
{Heap after GC invocations=881 (full 4):
 PSYoungGen      total 4096K, used 1184K [0x00000000d5580000, 0x00000000d5b80000, 0x0000000100000000)
  eden space 2560K, 0% used [0x00000000d5580000,0x00000000d5580000,0x00000000d5800000)
  from space 1536K, 77% used [0x00000000d5800000,0x00000000d5928010,0x00000000d5980000)
  to   space 1536K, 0% used [0x00000000d5a00000,0x00000000d5a00000,0x00000000d5b80000)
 ParOldGen       total 808448K, used 119239K [0x0000000080000000, 0x00000000b1580000, 0x00000000d5580000)
  object space 808448K, 14% used [0x0000000080000000,0x0000000087471c00,0x00000000b1580000)
 Metaspace       used 82664K, committed 84352K, reserved 1179648K
  class space    used 8777K, committed 9536K, reserved 1048576K
}
Event: 5804.551 GC heap before
{Heap before GC invocations=882 (full 4):
 PSYoungGen      total 4096K, used 3744K [0x00000000d5580000, 0x00000000d5b80000, 0x0000000100000000)
  eden space 2560K, 100% used [0x00000000d5580000,0x00000000d5800000,0x00000000d5800000)
  from space 1536K, 77% used [0x00000000d5800000,0x00000000d5928010,0x00000000d5980000)
  to   space 1536K, 0% used [0x00000000d5a00000,0x00000000d5a00000,0x00000000d5b80000)
 ParOldGen       total 808448K, used 119239K [0x0000000080000000, 0x00000000b1580000, 0x00000000d5580000)
  object space 808448K, 14% used [0x0000000080000000,0x0000000087471c00,0x00000000b1580000)
 Metaspace       used 82666K, committed 84352K, reserved 1179648K
  class space    used 8777K, committed 9536K, reserved 1048576K
}
Event: 5804.555 GC heap after
{Heap after GC invocations=882 (full 4):
 PSYoungGen      total 3584K, used 224K [0x00000000d5580000, 0x00000000d5a80000, 0x0000000100000000)
  eden space 3072K, 0% used [0x00000000d5580000,0x00000000d5580000,0x00000000d5880000)
  from space 512K, 43% used [0x00000000d5a00000,0x00000000d5a38000,0x00000000d5a80000)
  to   space 1024K, 0% used [0x00000000d5880000,0x00000000d5880000,0x00000000d5980000)
 ParOldGen       total 808448K, used 119983K [0x0000000080000000, 0x00000000b1580000, 0x00000000d5580000)
  object space 808448K, 14% used [0x0000000080000000,0x000000008752bc00,0x00000000b1580000)
 Metaspace       used 82666K, committed 84352K, reserved 1179648K
  class space    used 8777K, committed 9536K, reserved 1048576K
}
Event: 5805.136 GC heap before
{Heap before GC invocations=883 (full 4):
 PSYoungGen      total 3584K, used 3295K [0x00000000d5580000, 0x00000000d5a80000, 0x0000000100000000)
  eden space 3072K, 99% used [0x00000000d5580000,0x00000000d587ffe8,0x00000000d5880000)
  from space 512K, 43% used [0x00000000d5a00000,0x00000000d5a38000,0x00000000d5a80000)
  to   space 1024K, 0% used [0x00000000d5880000,0x00000000d5880000,0x00000000d5980000)
 ParOldGen       total 808448K, used 119983K [0x0000000080000000, 0x00000000b1580000, 0x00000000d5580000)
  object space 808448K, 14% used [0x0000000080000000,0x000000008752bc00,0x00000000b1580000)
 Metaspace       used 82686K, committed 84352K, reserved 1179648K
  class space    used 8781K, committed 9536K, reserved 1048576K
}
Event: 5805.144 GC heap after
{Heap after GC invocations=883 (full 4):
 PSYoungGen      total 4096K, used 160K [0x00000000d5580000, 0x00000000d5a80000, 0x0000000100000000)
  eden space 3072K, 0% used [0x00000000d5580000,0x00000000d5580000,0x00000000d5880000)
  from space 1024K, 15% used [0x00000000d5880000,0x00000000d58a8000,0x00000000d5980000)
  to   space 512K, 0% used [0x00000000d5a00000,0x00000000d5a00000,0x00000000d5a80000)
 ParOldGen       total 808448K, used 120031K [0x0000000080000000, 0x00000000b1580000, 0x00000000d5580000)
  object space 808448K, 14% used [0x0000000080000000,0x0000000087537c00,0x00000000b1580000)
 Metaspace       used 82686K, committed 84352K, reserved 1179648K
  class space    used 8781K, committed 9536K, reserved 1048576K
}
Event: 5805.687 GC heap before
{Heap before GC invocations=884 (full 4):
 PSYoungGen      total 4096K, used 3232K [0x00000000d5580000, 0x00000000d5a80000, 0x0000000100000000)
  eden space 3072K, 100% used [0x00000000d5580000,0x00000000d5880000,0x00000000d5880000)
  from space 1024K, 15% used [0x00000000d5880000,0x00000000d58a8000,0x00000000d5980000)
  to   space 512K, 0% used [0x00000000d5a00000,0x00000000d5a00000,0x00000000d5a80000)
 ParOldGen       total 808448K, used 120031K [0x0000000080000000, 0x00000000b1580000, 0x00000000d5580000)
  object space 808448K, 14% used [0x0000000080000000,0x0000000087537c00,0x00000000b1580000)
 Metaspace       used 82690K, committed 84352K, reserved 1179648K
  class space    used 8781K, committed 9536K, reserved 1048576K
}
Event: 5805.689 GC heap after
{Heap after GC invocations=884 (full 4):
 PSYoungGen      total 3584K, used 256K [0x00000000d5580000, 0x00000000d5a80000, 0x0000000100000000)
  eden space 3072K, 0% used [0x00000000d5580000,0x00000000d5580000,0x00000000d5880000)
  from space 512K, 50% used [0x00000000d5a00000,0x00000000d5a40000,0x00000000d5a80000)
  to   space 512K, 0% used [0x00000000d5980000,0x00000000d5980000,0x00000000d5a00000)
 ParOldGen       total 808448K, used 120119K [0x0000000080000000, 0x00000000b1580000, 0x00000000d5580000)
  object space 808448K, 14% used [0x0000000080000000,0x000000008754dc00,0x00000000b1580000)
 Metaspace       used 82690K, committed 84352K, reserved 1179648K
  class space    used 8781K, committed 9536K, reserved 1048576K
}
Event: 5806.315 GC heap before
{Heap before GC invocations=885 (full 4):
 PSYoungGen      total 3584K, used 3328K [0x00000000d5580000, 0x00000000d5a80000, 0x0000000100000000)
  eden space 3072K, 100% used [0x00000000d5580000,0x00000000d5880000,0x00000000d5880000)
  from space 512K, 50% used [0x00000000d5a00000,0x00000000d5a40000,0x00000000d5a80000)
  to   space 512K, 0% used [0x00000000d5980000,0x00000000d5980000,0x00000000d5a00000)
 ParOldGen       total 808448K, used 120119K [0x0000000080000000, 0x00000000b1580000, 0x00000000d5580000)
  object space 808448K, 14% used [0x0000000080000000,0x000000008754dc00,0x00000000b1580000)
 Metaspace       used 82696K, committed 84352K, reserved 1179648K
  class space    used 8781K, committed 9536K, reserved 1048576K
}
Event: 5806.319 GC heap after
{Heap after GC invocations=885 (full 4):
 PSYoungGen      total 3584K, used 464K [0x00000000d5580000, 0x00000000d5a80000, 0x0000000100000000)
  eden space 3072K, 0% used [0x00000000d5580000,0x00000000d5580000,0x00000000d5880000)
  from space 512K, 90% used [0x00000000d5980000,0x00000000d59f4010,0x00000000d5a00000)
  to   space 512K, 0% used [0x00000000d5a00000,0x00000000d5a00000,0x00000000d5a80000)
 ParOldGen       total 808448K, used 120127K [0x0000000080000000, 0x00000000b1580000, 0x00000000d5580000)
  object space 808448K, 14% used [0x0000000080000000,0x000000008754fc00,0x00000000b1580000)
 Metaspace       used 82696K, committed 84352K, reserved 1179648K
  class space    used 8781K, committed 9536K, reserved 1048576K
}
Event: 5808.212 GC heap before
{Heap before GC invocations=886 (full 4):
 PSYoungGen      total 3584K, used 3536K [0x00000000d5580000, 0x00000000d5a80000, 0x0000000100000000)
  eden space 3072K, 100% used [0x00000000d5580000,0x00000000d5880000,0x00000000d5880000)
  from space 512K, 90% used [0x00000000d5980000,0x00000000d59f4010,0x00000000d5a00000)
  to   space 512K, 0% used [0x00000000d5a00000,0x00000000d5a00000,0x00000000d5a80000)
 ParOldGen       total 808448K, used 120127K [0x0000000080000000, 0x00000000b1580000, 0x00000000d5580000)
  object space 808448K, 14% used [0x0000000080000000,0x000000008754fc00,0x00000000b1580000)
 Metaspace       used 82710K, committed 84352K, reserved 1179648K
  class space    used 8781K, committed 9536K, reserved 1048576K
}
Event: 5808.214 GC heap after
{Heap after GC invocations=886 (full 4):
 PSYoungGen      total 3584K, used 128K [0x00000000d5580000, 0x00000000d5a80000, 0x0000000100000000)
  eden space 3072K, 0% used [0x00000000d5580000,0x00000000d5580000,0x00000000d5880000)
  from space 512K, 25% used [0x00000000d5a00000,0x00000000d5a20000,0x00000000d5a80000)
  to   space 512K, 0% used [0x00000000d5980000,0x00000000d5980000,0x00000000d5a00000)
 ParOldGen       total 808448K, used 120159K [0x0000000080000000, 0x00000000b1580000, 0x00000000d5580000)
  object space 808448K, 14% used [0x0000000080000000,0x0000000087557c00,0x00000000b1580000)
 Metaspace       used 82710K, committed 84352K, reserved 1179648K
  class space    used 8781K, committed 9536K, reserved 1048576K
}

