# JRE version: OpenJDK Runtime Environment Temurin-21.0.9+10 (21.0.9+10) (build 21.0.9+10-LTS)
# Java VM: OpenJDK 64-Bit Server VM Temurin-21.0.9+10 (21.0.9+10-LTS, mixed mode, sharing, tiered, compressed oops, compressed class ptrs, parallel gc, windows-amd64)
GC Precious Log:
 CardTable entry size: 512
 CPUs: 4 total, 4 available
 Memory: 3919M
 Large Page Support: Disabled
 NUMA Support: Disabled
 Compressed Oops: Enabled (32-bit)
 Alignments: Space 512K, Generation 512K, Heap 2M
 Heap Min Capacity: 100M
 Heap Initial Capacity: 100M
 Heap Max Capacity: 2G
 Pre-touch: Disabled
 Parallel Workers: 4
Heap:
 PSYoungGen      total 20992K, used 10715K [0x00000000d5580000, 0x00000000d7600000, 0x0000000100000000)
  eden space 19456K, 47% used [0x00000000d5580000,0x00000000d5e7f638,0x00000000d6880000)
  from space 1536K, 97% used [0x00000000d7480000,0x00000000d75f7600,0x00000000d7600000)
  to   space 5120K, 0% used [0x00000000d6c00000,0x00000000d6c00000,0x00000000d7100000)
 ParOldGen       total 122368K, used 121973K [0x0000000080000000, 0x0000000087780000, 0x00000000d5580000)
  object space 122368K, 99% used [0x0000000080000000,0x000000008771d448,0x0000000087780000)
 Metaspace       used 66406K, committed 67776K, reserved 1114112K
  class space    used 7124K, committed 7744K, reserved 1048576K
GC Heap History (20 events):
Event: 95.219 GC heap before
{Heap before GC invocations=34 (full 2):
 PSYoungGen      total 21504K, used 13226K [0x00000000d5580000, 0x00000000d6c00000, 0x0000000100000000)
  eden space 19456K, 64% used [0x00000000d5580000,0x00000000d61bff78,0x00000000d6880000)
  from space 2048K, 33% used [0x00000000d6880000,0x00000000d692aa40,0x00000000d6a80000)
  to   space 1536K, 0% used [0x00000000d6a80000,0x00000000d6a80000,0x00000000d6c00000)
 ParOldGen       total 68608K, used 45603K [0x0000000080000000, 0x0000000084300000, 0x00000000d5580000)
  object space 68608K, 66% used [0x0000000080000000,0x0000000082c88c10,0x0000000084300000)
 Metaspace       used 58572K, committed 59776K, reserved 1114112K
  class space    used 6334K, committed 6912K, reserved 1048576K
}
Event: 95.222 GC heap after
{Heap after GC invocations=34 (full 2):
 PSYoungGen      total 20480K, used 536K [0x00000000d5580000, 0x00000000d6b80000, 0x0000000100000000)
  eden space 19456K, 0% used [0x00000000d5580000,0x00000000d5580000,0x00000000d6880000)
  from space 1024K, 52% used [0x00000000d6a80000,0x00000000d6b061c8,0x00000000d6b80000)
  to   space 1024K, 0% used [0x00000000d6980000,0x00000000d6980000,0x00000000d6a80000)
 ParOldGen       total 68608K, used 45619K [0x0000000080000000, 0x0000000084300000, 0x00000000d5580000)
  object space 68608K, 66% used [0x0000000080000000,0x0000000082c8cc10,0x0000000084300000)
 Metaspace       used 58572K, committed 59776K, reserved 1114112K
  class space    used 6334K, committed 6912K, reserved 1048576K
}
Event: 95.222 GC heap before
{Heap before GC invocations=35 (full 3):
 PSYoungGen      total 20480K, used 536K [0x00000000d5580000, 0x00000000d6b80000, 0x0000000100000000)
  eden space 19456K, 0% used [0x00000000d5580000,0x00000000d5580000,0x00000000d6880000)
  from space 1024K, 52% used [0x00000000d6a80000,0x00000000d6b061c8,0x00000000d6b80000)
  to   space 1024K, 0% used [0x00000000d6980000,0x00000000d6980000,0x00000000d6a80000)
 ParOldGen       total 68608K, used 45619K [0x0000000080000000, 0x0000000084300000, 0x00000000d5580000)
  object space 68608K, 66% used [0x0000000080000000,0x0000000082c8cc10,0x0000000084300000)
 Metaspace       used 58572K, committed 59776K, reserved 1114112K
  class space    used 6334K, committed 6912K, reserved 1048576K
}
Event: 95.372 GC heap after
{Heap after GC invocations=35 (full 3):
 PSYoungGen      total 20480K, used 0K [0x00000000d5580000, 0x00000000d6b80000, 0x0000000100000000)
  eden space 19456K, 0% used [0x00000000d5580000,0x00000000d5580000,0x00000000d6880000)
  from space 1024K, 0% used [0x00000000d6a80000,0x00000000d6a80000,0x00000000d6b80000)
  to   space 1024K, 0% used [0x00000000d6980000,0x00000000d6980000,0x00000000d6a80000)
 ParOldGen       total 68608K, used 41107K [0x0000000080000000, 0x0000000084300000, 0x00000000d5580000)
  object space 68608K, 59% used [0x0000000080000000,0x0000000082824f60,0x0000000084300000)
 Metaspace       used 58572K, committed 59776K, reserved 1114112K
  class space    used 6334K, committed 6912K, reserved 1048576K
}
Event: 97.311 GC heap before
{Heap before GC invocations=36 (full 3):
 PSYoungGen      total 20480K, used 19456K [0x00000000d5580000, 0x00000000d6b80000, 0x0000000100000000)
  eden space 19456K, 100% used [0x00000000d5580000,0x00000000d6880000,0x00000000d6880000)
  from space 1024K, 0% used [0x00000000d6a80000,0x00000000d6a80000,0x00000000d6b80000)
  to   space 1024K, 0% used [0x00000000d6980000,0x00000000d6980000,0x00000000d6a80000)
 ParOldGen       total 68608K, used 41107K [0x0000000080000000, 0x0000000084300000, 0x00000000d5580000)
  object space 68608K, 59% used [0x0000000080000000,0x0000000082824f60,0x0000000084300000)
 Metaspace       used 60383K, committed 61568K, reserved 1114112K
  class space    used 6554K, committed 7104K, reserved 1048576K
}
Event: 97.314 GC heap after
{Heap after GC invocations=36 (full 3):
 PSYoungGen      total 20480K, used 800K [0x00000000d5580000, 0x00000000d6b00000, 0x0000000100000000)
  eden space 19456K, 0% used [0x00000000d5580000,0x00000000d5580000,0x00000000d6880000)
  from space 1024K, 78% used [0x00000000d6980000,0x00000000d6a48030,0x00000000d6a80000)
  to   space 512K, 0% used [0x00000000d6a80000,0x00000000d6a80000,0x00000000d6b00000)
 ParOldGen       total 68608K, used 41115K [0x0000000080000000, 0x0000000084300000, 0x00000000d5580000)
  object space 68608K, 59% used [0x0000000080000000,0x0000000082826f60,0x0000000084300000)
 Metaspace       used 60383K, committed 61568K, reserved 1114112K
  class space    used 6554K, committed 7104K, reserved 1048576K
}
Event: 98.244 GC heap before
{Heap before GC invocations=37 (full 3):
 PSYoungGen      total 20480K, used 20256K [0x00000000d5580000, 0x00000000d6b00000, 0x0000000100000000)
  eden space 19456K, 100% used [0x00000000d5580000,0x00000000d6880000,0x00000000d6880000)
  from space 1024K, 78% used [0x00000000d6980000,0x00000000d6a48030,0x00000000d6a80000)
  to   space 512K, 0% used [0x00000000d6a80000,0x00000000d6a80000,0x00000000d6b00000)
 ParOldGen       total 68608K, used 41115K [0x0000000080000000, 0x0000000084300000, 0x00000000d5580000)
  object space 68608K, 59% used [0x0000000080000000,0x0000000082826f60,0x0000000084300000)
 Metaspace       used 62435K, committed 63744K, reserved 1114112K
  class space    used 6763K, committed 7360K, reserved 1048576K
}
Event: 98.248 GC heap after
{Heap after GC invocations=37 (full 3):
 PSYoungGen      total 19968K, used 480K [0x00000000d5580000, 0x00000000d6c80000, 0x0000000100000000)
  eden space 19456K, 0% used [0x00000000d5580000,0x00000000d5580000,0x00000000d6880000)
  from space 512K, 93% used [0x00000000d6a80000,0x00000000d6af8020,0x00000000d6b00000)
  to   space 2048K, 0% used [0x00000000d6880000,0x00000000d6880000,0x00000000d6a80000)
 ParOldGen       total 68608K, used 42338K [0x0000000080000000, 0x0000000084300000, 0x00000000d5580000)
  object space 68608K, 61% used [0x0000000080000000,0x0000000082958bf0,0x0000000084300000)
 Metaspace       used 62435K, committed 63744K, reserved 1114112K
  class space    used 6763K, committed 7360K, reserved 1048576K
}
Event: 102.952 GC heap before
{Heap before GC invocations=38 (full 3):
 PSYoungGen      total 19968K, used 19198K [0x00000000d5580000, 0x00000000d6c80000, 0x0000000100000000)
  eden space 19456K, 96% used [0x00000000d5580000,0x00000000d67c7908,0x00000000d6880000)
  from space 512K, 93% used [0x00000000d6a80000,0x00000000d6af8020,0x00000000d6b00000)
  to   space 2048K, 0% used [0x00000000d6880000,0x00000000d6880000,0x00000000d6a80000)
 ParOldGen       total 68608K, used 42338K [0x0000000080000000, 0x0000000084300000, 0x00000000d5580000)
  object space 68608K, 61% used [0x0000000080000000,0x0000000082958bf0,0x0000000084300000)
 Metaspace       used 63953K, committed 65280K, reserved 1114112K
  class space    used 6913K, committed 7488K, reserved 1048576K
}
Event: 102.957 GC heap after
{Heap after GC invocations=38 (full 3):
 PSYoungGen      total 21504K, used 1910K [0x00000000d5580000, 0x00000000d6c80000, 0x0000000100000000)
  eden space 19456K, 0% used [0x00000000d5580000,0x00000000d5580000,0x00000000d6880000)
  from space 2048K, 93% used [0x00000000d6880000,0x00000000d6a5d888,0x00000000d6a80000)
  to   space 2048K, 0% used [0x00000000d6a80000,0x00000000d6a80000,0x00000000d6c80000)
 ParOldGen       total 68608K, used 44072K [0x0000000080000000, 0x0000000084300000, 0x00000000d5580000)
  object space 68608K, 64% used [0x0000000080000000,0x0000000082b0a270,0x0000000084300000)
 Metaspace       used 63953K, committed 65280K, reserved 1114112K
  class space    used 6913K, committed 7488K, reserved 1048576K
}
Event: 103.389 GC heap before
{Heap before GC invocations=39 (full 3):
 PSYoungGen      total 21504K, used 21366K [0x00000000d5580000, 0x00000000d6c80000, 0x0000000100000000)
  eden space 19456K, 100% used [0x00000000d5580000,0x00000000d6880000,0x00000000d6880000)
  from space 2048K, 93% used [0x00000000d6880000,0x00000000d6a5d888,0x00000000d6a80000)
  to   space 2048K, 0% used [0x00000000d6a80000,0x00000000d6a80000,0x00000000d6c80000)
 ParOldGen       total 91136K, used 81411K [0x0000000080000000, 0x0000000085900000, 0x00000000d5580000)
  object space 91136K, 89% used [0x0000000080000000,0x0000000084f80dc0,0x0000000085900000)
 Metaspace       used 64227K, committed 65536K, reserved 1114112K
  class space    used 6944K, committed 7552K, reserved 1048576K
}
Event: 103.393 GC heap after
{Heap after GC invocations=39 (full 3):
 PSYoungGen      total 19968K, used 192K [0x00000000d5580000, 0x00000000d6b00000, 0x0000000100000000)
  eden space 19456K, 0% used [0x00000000d5580000,0x00000000d5580000,0x00000000d6880000)
  from space 512K, 37% used [0x00000000d6a80000,0x00000000d6ab0000,0x00000000d6b00000)
  to   space 1024K, 0% used [0x00000000d6900000,0x00000000d6900000,0x00000000d6a00000)
 ParOldGen       total 91136K, used 83189K [0x0000000080000000, 0x0000000085900000, 0x00000000d5580000)
  object space 91136K, 91% used [0x0000000080000000,0x000000008513d430,0x0000000085900000)
 Metaspace       used 64227K, committed 65536K, reserved 1114112K
  class space    used 6944K, committed 7552K, reserved 1048576K
}
Event: 103.608 GC heap before
{Heap before GC invocations=40 (full 3):
 PSYoungGen      total 19968K, used 19648K [0x00000000d5580000, 0x00000000d6b00000, 0x0000000100000000)
  eden space 19456K, 100% used [0x00000000d5580000,0x00000000d6880000,0x00000000d6880000)
  from space 512K, 37% used [0x00000000d6a80000,0x00000000d6ab0000,0x00000000d6b00000)
  to   space 1024K, 0% used [0x00000000d6900000,0x00000000d6900000,0x00000000d6a00000)
 ParOldGen       total 91136K, used 83189K [0x0000000080000000, 0x0000000085900000, 0x00000000d5580000)
  object space 91136K, 91% used [0x0000000080000000,0x000000008513d430,0x0000000085900000)
 Metaspace       used 64313K, committed 65664K, reserved 1114112K
  class space    used 6949K, committed 7552K, reserved 1048576K
}
Event: 103.642 GC heap after
{Heap after GC invocations=40 (full 3):
 PSYoungGen      total 20480K, used 1011K [0x00000000d5580000, 0x00000000d8980000, 0x0000000100000000)
  eden space 19456K, 0% used [0x00000000d5580000,0x00000000d5580000,0x00000000d6880000)
  from space 1024K, 98% used [0x00000000d6900000,0x00000000d69fcd98,0x00000000d6a00000)
  to   space 16896K, 0% used [0x00000000d7900000,0x00000000d7900000,0x00000000d8980000)
 ParOldGen       total 96768K, used 96326K [0x0000000080000000, 0x0000000085e80000, 0x00000000d5580000)
  object space 96768K, 99% used [0x0000000080000000,0x0000000085e118a0,0x0000000085e80000)
 Metaspace       used 64313K, committed 65664K, reserved 1114112K
  class space    used 6949K, committed 7552K, reserved 1048576K
}
Event: 103.841 GC heap before
{Heap before GC invocations=41 (full 3):
 PSYoungGen      total 20480K, used 20467K [0x00000000d5580000, 0x00000000d8980000, 0x0000000100000000)
  eden space 19456K, 100% used [0x00000000d5580000,0x00000000d6880000,0x00000000d6880000)
  from space 1024K, 98% used [0x00000000d6900000,0x00000000d69fcd98,0x00000000d6a00000)
  to   space 16896K, 0% used [0x00000000d7900000,0x00000000d7900000,0x00000000d8980000)
 ParOldGen       total 96768K, used 96326K [0x0000000080000000, 0x0000000085e80000, 0x00000000d5580000)
  object space 96768K, 99% used [0x0000000080000000,0x0000000085e118a0,0x0000000085e80000)
 Metaspace       used 64393K, committed 65728K, reserved 1114112K
  class space    used 6951K, committed 7552K, reserved 1048576K
}
Event: 103.933 GC heap after
{Heap after GC invocations=41 (full 3):
 PSYoungGen      total 34304K, used 14835K [0x00000000d5580000, 0x00000000d8780000, 0x0000000100000000)
  eden space 19456K, 0% used [0x00000000d5580000,0x00000000d5580000,0x00000000d6880000)
  from space 14848K, 99% used [0x00000000d7900000,0x00000000d877cd98,0x00000000d8780000)
  to   space 15872K, 0% used [0x00000000d6880000,0x00000000d6880000,0x00000000d7800000)
 ParOldGen       total 97792K, used 97345K [0x0000000080000000, 0x0000000085f80000, 0x00000000d5580000)
  object space 97792K, 99% used [0x0000000080000000,0x0000000085f10638,0x0000000085f80000)
 Metaspace       used 64393K, committed 65728K, reserved 1114112K
  class space    used 6951K, committed 7552K, reserved 1048576K
}
Event: 105.072 GC heap before
{Heap before GC invocations=42 (full 3):
 PSYoungGen      total 34304K, used 33913K [0x00000000d5580000, 0x00000000d8780000, 0x0000000100000000)
  eden space 19456K, 98% used [0x00000000d5580000,0x00000000d6821738,0x00000000d6880000)
  from space 14848K, 99% used [0x00000000d7900000,0x00000000d877cd98,0x00000000d8780000)
  to   space 15872K, 0% used [0x00000000d6880000,0x00000000d6880000,0x00000000d7800000)
 ParOldGen       total 97792K, used 97345K [0x0000000080000000, 0x0000000085f80000, 0x00000000d5580000)
  object space 97792K, 99% used [0x0000000080000000,0x0000000085f10638,0x0000000085f80000)
 Metaspace       used 64668K, committed 65984K, reserved 1114112K
  class space    used 6973K, committed 7552K, reserved 1048576K
}
Event: 105.102 GC heap after
{Heap after GC invocations=42 (full 3):
 PSYoungGen      total 29696K, used 10017K [0x00000000d5580000, 0x00000000d8080000, 0x0000000100000000)
  eden space 19456K, 0% used [0x00000000d5580000,0x00000000d5580000,0x00000000d6880000)
  from space 10240K, 97% used [0x00000000d6880000,0x00000000d72485e8,0x00000000d7280000)
  to   space 12288K, 0% used [0x00000000d7480000,0x00000000d7480000,0x00000000d8080000)
 ParOldGen       total 112128K, used 112025K [0x0000000080000000, 0x0000000086d80000, 0x00000000d5580000)
  object space 112128K, 99% used [0x0000000080000000,0x0000000086d66638,0x0000000086d80000)
 Metaspace       used 64668K, committed 65984K, reserved 1114112K
  class space    used 6973K, committed 7552K, reserved 1048576K
}
Event: 112.523 GC heap before
{Heap before GC invocations=43 (full 3):
 PSYoungGen      total 29696K, used 29473K [0x00000000d5580000, 0x00000000d8080000, 0x0000000100000000)
  eden space 19456K, 100% used [0x00000000d5580000,0x00000000d6880000,0x00000000d6880000)
  from space 10240K, 97% used [0x00000000d6880000,0x00000000d72485e8,0x00000000d7280000)
  to   space 12288K, 0% used [0x00000000d7480000,0x00000000d7480000,0x00000000d8080000)
 ParOldGen       total 112128K, used 112025K [0x0000000080000000, 0x0000000086d80000, 0x00000000d5580000)
  object space 112128K, 99% used [0x0000000080000000,0x0000000086d66638,0x0000000086d80000)
 Metaspace       used 65717K, committed 67072K, reserved 1114112K
  class space    used 7064K, committed 7616K, reserved 1048576K
}
Event: 112.555 GC heap after
{Heap after GC invocations=43 (full 3):
 PSYoungGen      total 20992K, used 1501K [0x00000000d5580000, 0x00000000d7600000, 0x0000000100000000)
  eden space 19456K, 0% used [0x00000000d5580000,0x00000000d5580000,0x00000000d6880000)
  from space 1536K, 97% used [0x00000000d7480000,0x00000000d75f7600,0x00000000d7600000)
  to   space 5120K, 0% used [0x00000000d6c00000,0x00000000d6c00000,0x00000000d7100000)
 ParOldGen       total 122368K, used 121973K [0x0000000080000000, 0x0000000087780000, 0x00000000d5580000)
  object space 122368K, 99% used [0x0000000080000000,0x000000008771d448,0x0000000087780000)
 Metaspace       used 65717K, committed 67072K, reserved 1114112K
  class space    used 7064K, committed 7616K, reserved 1048576K
}

