# JRE version: OpenJDK Runtime Environment Temurin-21.0.8+9 (21.0.8+9) (build 21.0.8+9-LTS)
# Java VM: OpenJDK 64-Bit Server VM Temurin-21.0.8+9 (21.0.8+9-LTS, mixed mode, sharing, tiered, compressed oops, compressed class ptrs, parallel gc, windows-amd64)
GC Precious Log:
 CardTable entry size: 512
 CPUs: 4 total, 4 available
 Memory: 3919M
 Large Page Support: Disabled
 NUMA Support: Disabled
 Compressed Oops: Enabled (32-bit)
 Alignments: Space 512K, Generation 512K, Heap 2M
 Heap Min Capacity: 100M
 Heap Initial Capacity: 100M
 Heap Max Capacity: 2G
 Pre-touch: Disabled
 Parallel Workers: 4
Heap:
 PSYoungGen      total 18432K, used 1359K [0x00000000d5580000, 0x00000000d6a00000, 0x0000000100000000)
  eden space 16896K, 4% used [0x00000000d5580000,0x00000000d5643f28,0x00000000d6600000)
  from space 1536K, 37% used [0x00000000d6700000,0x00000000d6790000,0x00000000d6880000)
  to   space 1024K, 0% used [0x00000000d6900000,0x00000000d6900000,0x00000000d6a00000)
 ParOldGen       total 68608K, used 55557K [0x0000000080000000, 0x0000000084300000, 0x00000000d5580000)
  object space 68608K, 80% used [0x0000000080000000,0x0000000083641750,0x0000000084300000)
 Metaspace       used 66538K, committed 67968K, reserved 1114112K
  class space    used 6902K, committed 7552K, reserved 1048576K
GC Heap History (20 events):
Event: 18.004 GC heap before
{Heap before GC invocations=38 (full 3):
 PSYoungGen      total 19456K, used 18953K [0x00000000d5580000, 0x00000000d6c80000, 0x0000000100000000)
  eden space 16896K, 99% used [0x00000000d5580000,0x00000000d65fc3c0,0x00000000d6600000)
  from space 2560K, 80% used [0x00000000d6a00000,0x00000000d6c060e0,0x00000000d6c80000)
  to   space 2560K, 0% used [0x00000000d6780000,0x00000000d6780000,0x00000000d6a00000)
 ParOldGen       total 68608K, used 46874K [0x0000000080000000, 0x0000000084300000, 0x00000000d5580000)
  object space 68608K, 68% used [0x0000000080000000,0x0000000082dc6b70,0x0000000084300000)
 Metaspace       used 62652K, committed 64000K, reserved 1114112K
  class space    used 6602K, committed 7168K, reserved 1048576K
}
Event: 18.007 GC heap after
{Heap after GC invocations=38 (full 3):
 PSYoungGen      total 18944K, used 1768K [0x00000000d5580000, 0x00000000d6a80000, 0x0000000100000000)
  eden space 16896K, 0% used [0x00000000d5580000,0x00000000d5580000,0x00000000d6600000)
  from space 2048K, 86% used [0x00000000d6780000,0x00000000d693a250,0x00000000d6980000)
  to   space 1024K, 0% used [0x00000000d6980000,0x00000000d6980000,0x00000000d6a80000)
 ParOldGen       total 68608K, used 48391K [0x0000000080000000, 0x0000000084300000, 0x00000000d5580000)
  object space 68608K, 70% used [0x0000000080000000,0x0000000082f41fb8,0x0000000084300000)
 Metaspace       used 62652K, committed 64000K, reserved 1114112K
  class space    used 6602K, committed 7168K, reserved 1048576K
}
Event: 98.673 GC heap before
{Heap before GC invocations=39 (full 3):
 PSYoungGen      total 18944K, used 18664K [0x00000000d5580000, 0x00000000d6a80000, 0x0000000100000000)
  eden space 16896K, 100% used [0x00000000d5580000,0x00000000d6600000,0x00000000d6600000)
  from space 2048K, 86% used [0x00000000d6780000,0x00000000d693a250,0x00000000d6980000)
  to   space 1024K, 0% used [0x00000000d6980000,0x00000000d6980000,0x00000000d6a80000)
 ParOldGen       total 68608K, used 48391K [0x0000000080000000, 0x0000000084300000, 0x00000000d5580000)
  object space 68608K, 70% used [0x0000000080000000,0x0000000082f41fb8,0x0000000084300000)
 Metaspace       used 63496K, committed 64832K, reserved 1114112K
  class space    used 6640K, committed 7168K, reserved 1048576K
}
Event: 98.805 GC heap after
{Heap after GC invocations=39 (full 3):
 PSYoungGen      total 17920K, used 1001K [0x00000000d5580000, 0x00000000d6a80000, 0x0000000100000000)
  eden space 16896K, 0% used [0x00000000d5580000,0x00000000d5580000,0x00000000d6600000)
  from space 1024K, 97% used [0x00000000d6980000,0x00000000d6a7a428,0x00000000d6a80000)
  to   space 2048K, 0% used [0x00000000d6680000,0x00000000d6680000,0x00000000d6880000)
 ParOldGen       total 68608K, used 49123K [0x0000000080000000, 0x0000000084300000, 0x00000000d5580000)
  object space 68608K, 71% used [0x0000000080000000,0x0000000082ff8ff8,0x0000000084300000)
 Metaspace       used 63496K, committed 64832K, reserved 1114112K
  class space    used 6640K, committed 7168K, reserved 1048576K
}
Event: 100.266 GC heap before
{Heap before GC invocations=40 (full 3):
 PSYoungGen      total 17920K, used 17897K [0x00000000d5580000, 0x00000000d6a80000, 0x0000000100000000)
  eden space 16896K, 100% used [0x00000000d5580000,0x00000000d6600000,0x00000000d6600000)
  from space 1024K, 97% used [0x00000000d6980000,0x00000000d6a7a428,0x00000000d6a80000)
  to   space 2048K, 0% used [0x00000000d6680000,0x00000000d6680000,0x00000000d6880000)
 ParOldGen       total 68608K, used 49123K [0x0000000080000000, 0x0000000084300000, 0x00000000d5580000)
  object space 68608K, 71% used [0x0000000080000000,0x0000000082ff8ff8,0x0000000084300000)
 Metaspace       used 63819K, committed 65152K, reserved 1114112K
  class space    used 6664K, committed 7232K, reserved 1048576K
}
Event: 100.560 GC heap after
{Heap after GC invocations=40 (full 3):
 PSYoungGen      total 18944K, used 2016K [0x00000000d5580000, 0x00000000d7000000, 0x0000000100000000)
  eden space 16896K, 0% used [0x00000000d5580000,0x00000000d5580000,0x00000000d6600000)
  from space 2048K, 98% used [0x00000000d6680000,0x00000000d6878220,0x00000000d6880000)
  to   space 5120K, 0% used [0x00000000d6b00000,0x00000000d6b00000,0x00000000d7000000)
 ParOldGen       total 68608K, used 51523K [0x0000000080000000, 0x0000000084300000, 0x00000000d5580000)
  object space 68608K, 75% used [0x0000000080000000,0x0000000083250d38,0x0000000084300000)
 Metaspace       used 63819K, committed 65152K, reserved 1114112K
  class space    used 6664K, committed 7232K, reserved 1048576K
}
Event: 102.505 GC heap before
{Heap before GC invocations=41 (full 3):
 PSYoungGen      total 18944K, used 18859K [0x00000000d5580000, 0x00000000d7000000, 0x0000000100000000)
  eden space 16896K, 99% used [0x00000000d5580000,0x00000000d65f2c90,0x00000000d6600000)
  from space 2048K, 98% used [0x00000000d6680000,0x00000000d6878220,0x00000000d6880000)
  to   space 5120K, 0% used [0x00000000d6b00000,0x00000000d6b00000,0x00000000d7000000)
 ParOldGen       total 68608K, used 51523K [0x0000000080000000, 0x0000000084300000, 0x00000000d5580000)
  object space 68608K, 75% used [0x0000000080000000,0x0000000083250d38,0x0000000084300000)
 Metaspace       used 64736K, committed 66112K, reserved 1114112K
  class space    used 6785K, committed 7424K, reserved 1048576K
}
Event: 102.513 GC heap after
{Heap after GC invocations=41 (full 3):
 PSYoungGen      total 18944K, used 1552K [0x00000000d5580000, 0x00000000d6d00000, 0x0000000100000000)
  eden space 16896K, 0% used [0x00000000d5580000,0x00000000d5580000,0x00000000d6600000)
  from space 2048K, 75% used [0x00000000d6b00000,0x00000000d6c84050,0x00000000d6d00000)
  to   space 3072K, 0% used [0x00000000d6700000,0x00000000d6700000,0x00000000d6a00000)
 ParOldGen       total 68608K, used 53443K [0x0000000080000000, 0x0000000084300000, 0x00000000d5580000)
  object space 68608K, 77% used [0x0000000080000000,0x0000000083430f58,0x0000000084300000)
 Metaspace       used 64736K, committed 66112K, reserved 1114112K
  class space    used 6785K, committed 7424K, reserved 1048576K
}
Event: 104.527 GC heap before
{Heap before GC invocations=42 (full 3):
 PSYoungGen      total 18944K, used 18399K [0x00000000d5580000, 0x00000000d6d00000, 0x0000000100000000)
  eden space 16896K, 99% used [0x00000000d5580000,0x00000000d65f3eb8,0x00000000d6600000)
  from space 2048K, 75% used [0x00000000d6b00000,0x00000000d6c84050,0x00000000d6d00000)
  to   space 3072K, 0% used [0x00000000d6700000,0x00000000d6700000,0x00000000d6a00000)
 ParOldGen       total 68608K, used 53443K [0x0000000080000000, 0x0000000084300000, 0x00000000d5580000)
  object space 68608K, 77% used [0x0000000080000000,0x0000000083430f58,0x0000000084300000)
 Metaspace       used 65580K, committed 67008K, reserved 1114112K
  class space    used 6867K, committed 7488K, reserved 1048576K
}
Event: 104.535 GC heap after
{Heap after GC invocations=42 (full 3):
 PSYoungGen      total 18432K, used 1335K [0x00000000d5580000, 0x00000000d6b80000, 0x0000000100000000)
  eden space 16896K, 0% used [0x00000000d5580000,0x00000000d5580000,0x00000000d6600000)
  from space 1536K, 86% used [0x00000000d6700000,0x00000000d684dd90,0x00000000d6880000)
  to   space 2048K, 0% used [0x00000000d6980000,0x00000000d6980000,0x00000000d6b80000)
 ParOldGen       total 68608K, used 53815K [0x0000000080000000, 0x0000000084300000, 0x00000000d5580000)
  object space 68608K, 78% used [0x0000000080000000,0x000000008348dd98,0x0000000084300000)
 Metaspace       used 65580K, committed 67008K, reserved 1114112K
  class space    used 6867K, committed 7488K, reserved 1048576K
}
Event: 105.085 GC heap before
{Heap before GC invocations=43 (full 3):
 PSYoungGen      total 18432K, used 18231K [0x00000000d5580000, 0x00000000d6b80000, 0x0000000100000000)
  eden space 16896K, 100% used [0x00000000d5580000,0x00000000d6600000,0x00000000d6600000)
  from space 1536K, 86% used [0x00000000d6700000,0x00000000d684dd90,0x00000000d6880000)
  to   space 2048K, 0% used [0x00000000d6980000,0x00000000d6980000,0x00000000d6b80000)
 ParOldGen       total 68608K, used 53815K [0x0000000080000000, 0x0000000084300000, 0x00000000d5580000)
  object space 68608K, 78% used [0x0000000080000000,0x000000008348dd98,0x0000000084300000)
 Metaspace       used 65692K, committed 67136K, reserved 1114112K
  class space    used 6868K, committed 7488K, reserved 1048576K
}
Event: 105.087 GC heap after
{Heap after GC invocations=43 (full 3):
 PSYoungGen      total 17408K, used 240K [0x00000000d5580000, 0x00000000d6a00000, 0x0000000100000000)
  eden space 16896K, 0% used [0x00000000d5580000,0x00000000d5580000,0x00000000d6600000)
  from space 512K, 46% used [0x00000000d6980000,0x00000000d69bc010,0x00000000d6a00000)
  to   space 1024K, 0% used [0x00000000d6800000,0x00000000d6800000,0x00000000d6900000)
 ParOldGen       total 68608K, used 54236K [0x0000000080000000, 0x0000000084300000, 0x00000000d5580000)
  object space 68608K, 79% used [0x0000000080000000,0x00000000834f70c0,0x0000000084300000)
 Metaspace       used 65692K, committed 67136K, reserved 1114112K
  class space    used 6868K, committed 7488K, reserved 1048576K
}
Event: 106.982 GC heap before
{Heap before GC invocations=44 (full 3):
 PSYoungGen      total 17408K, used 17136K [0x00000000d5580000, 0x00000000d6a00000, 0x0000000100000000)
  eden space 16896K, 100% used [0x00000000d5580000,0x00000000d6600000,0x00000000d6600000)
  from space 512K, 46% used [0x00000000d6980000,0x00000000d69bc010,0x00000000d6a00000)
  to   space 1024K, 0% used [0x00000000d6800000,0x00000000d6800000,0x00000000d6900000)
 ParOldGen       total 68608K, used 54236K [0x0000000080000000, 0x0000000084300000, 0x00000000d5580000)
  object space 68608K, 79% used [0x0000000080000000,0x00000000834f70c0,0x0000000084300000)
 Metaspace       used 66040K, committed 67520K, reserved 1114112K
  class space    used 6875K, committed 7488K, reserved 1048576K
}
Event: 106.983 GC heap after
{Heap after GC invocations=44 (full 3):
 PSYoungGen      total 17920K, used 128K [0x00000000d5580000, 0x00000000d6a00000, 0x0000000100000000)
  eden space 16896K, 0% used [0x00000000d5580000,0x00000000d5580000,0x00000000d6600000)
  from space 1024K, 12% used [0x00000000d6800000,0x00000000d6820000,0x00000000d6900000)
  to   space 512K, 0% used [0x00000000d6980000,0x00000000d6980000,0x00000000d6a00000)
 ParOldGen       total 68608K, used 54260K [0x0000000080000000, 0x0000000084300000, 0x00000000d5580000)
  object space 68608K, 79% used [0x0000000080000000,0x00000000834fd0c0,0x0000000084300000)
 Metaspace       used 66040K, committed 67520K, reserved 1114112K
  class space    used 6875K, committed 7488K, reserved 1048576K
}
Event: 109.063 GC heap before
{Heap before GC invocations=45 (full 3):
 PSYoungGen      total 17920K, used 17024K [0x00000000d5580000, 0x00000000d6a00000, 0x0000000100000000)
  eden space 16896K, 100% used [0x00000000d5580000,0x00000000d6600000,0x00000000d6600000)
  from space 1024K, 12% used [0x00000000d6800000,0x00000000d6820000,0x00000000d6900000)
  to   space 512K, 0% used [0x00000000d6980000,0x00000000d6980000,0x00000000d6a00000)
 ParOldGen       total 68608K, used 54260K [0x0000000080000000, 0x0000000084300000, 0x00000000d5580000)
  object space 68608K, 79% used [0x0000000080000000,0x00000000834fd0c0,0x0000000084300000)
 Metaspace       used 66156K, committed 67648K, reserved 1114112K
  class space    used 6877K, committed 7552K, reserved 1048576K
}
Event: 109.065 GC heap after
{Heap after GC invocations=45 (full 3):
 PSYoungGen      total 17408K, used 384K [0x00000000d5580000, 0x00000000d6a00000, 0x0000000100000000)
  eden space 16896K, 0% used [0x00000000d5580000,0x00000000d5580000,0x00000000d6600000)
  from space 512K, 75% used [0x00000000d6980000,0x00000000d69e0000,0x00000000d6a00000)
  to   space 512K, 0% used [0x00000000d6900000,0x00000000d6900000,0x00000000d6980000)
 ParOldGen       total 68608K, used 54308K [0x0000000080000000, 0x0000000084300000, 0x00000000d5580000)
  object space 68608K, 79% used [0x0000000080000000,0x0000000083509170,0x0000000084300000)
 Metaspace       used 66156K, committed 67648K, reserved 1114112K
  class space    used 6877K, committed 7552K, reserved 1048576K
}
Event: 110.878 GC heap before
{Heap before GC invocations=46 (full 3):
 PSYoungGen      total 17408K, used 17280K [0x00000000d5580000, 0x00000000d6a00000, 0x0000000100000000)
  eden space 16896K, 100% used [0x00000000d5580000,0x00000000d6600000,0x00000000d6600000)
  from space 512K, 75% used [0x00000000d6980000,0x00000000d69e0000,0x00000000d6a00000)
  to   space 512K, 0% used [0x00000000d6900000,0x00000000d6900000,0x00000000d6980000)
 ParOldGen       total 68608K, used 54308K [0x0000000080000000, 0x0000000084300000, 0x00000000d5580000)
  object space 68608K, 79% used [0x0000000080000000,0x0000000083509170,0x0000000084300000)
 Metaspace       used 66293K, committed 67776K, reserved 1114112K
  class space    used 6877K, committed 7552K, reserved 1048576K
}
Event: 110.881 GC heap after
{Heap after GC invocations=46 (full 3):
 PSYoungGen      total 17408K, used 496K [0x00000000d5580000, 0x00000000d6a00000, 0x0000000100000000)
  eden space 16896K, 0% used [0x00000000d5580000,0x00000000d5580000,0x00000000d6600000)
  from space 512K, 96% used [0x00000000d6900000,0x00000000d697c010,0x00000000d6980000)
  to   space 512K, 0% used [0x00000000d6980000,0x00000000d6980000,0x00000000d6a00000)
 ParOldGen       total 68608K, used 54480K [0x0000000080000000, 0x0000000084300000, 0x00000000d5580000)
  object space 68608K, 79% used [0x0000000080000000,0x0000000083534180,0x0000000084300000)
 Metaspace       used 66293K, committed 67776K, reserved 1114112K
  class space    used 6877K, committed 7552K, reserved 1048576K
}
Event: 115.289 GC heap before
{Heap before GC invocations=47 (full 3):
 PSYoungGen      total 17408K, used 17392K [0x00000000d5580000, 0x00000000d6a00000, 0x0000000100000000)
  eden space 16896K, 100% used [0x00000000d5580000,0x00000000d6600000,0x00000000d6600000)
  from space 512K, 96% used [0x00000000d6900000,0x00000000d697c010,0x00000000d6980000)
  to   space 512K, 0% used [0x00000000d6980000,0x00000000d6980000,0x00000000d6a00000)
 ParOldGen       total 68608K, used 54480K [0x0000000080000000, 0x0000000084300000, 0x00000000d5580000)
  object space 68608K, 79% used [0x0000000080000000,0x0000000083534180,0x0000000084300000)
 Metaspace       used 66442K, committed 67840K, reserved 1114112K
  class space    used 6888K, committed 7552K, reserved 1048576K
}
Event: 115.294 GC heap after
{Heap after GC invocations=47 (full 3):
 PSYoungGen      total 17408K, used 512K [0x00000000d5580000, 0x00000000d6a00000, 0x0000000100000000)
  eden space 16896K, 0% used [0x00000000d5580000,0x00000000d5580000,0x00000000d6600000)
  from space 512K, 100% used [0x00000000d6980000,0x00000000d6a00000,0x00000000d6a00000)
  to   space 1536K, 0% used [0x00000000d6700000,0x00000000d6700000,0x00000000d6880000)
 ParOldGen       total 68608K, used 55166K [0x0000000080000000, 0x0000000084300000, 0x00000000d5580000)
  object space 68608K, 80% used [0x0000000080000000,0x00000000835df980,0x0000000084300000)
 Metaspace       used 66442K, committed 67840K, reserved 1114112K
  class space    used 6888K, committed 7552K, reserved 1048576K
}

