# JRE version: OpenJDK Runtime Environment Temurin-21.0.8+9 (21.0.8+9) (build 21.0.8+9-LTS)
# Java VM: OpenJDK 64-Bit Server VM Temurin-21.0.8+9 (21.0.8+9-LTS, mixed mode, sharing, tiered, compressed oops, compressed class ptrs, parallel gc, windows-amd64)
GC Precious Log:
 CardTable entry size: 512
 CPUs: 4 total, 4 available
 Memory: 3919M
 Large Page Support: Disabled
 NUMA Support: Disabled
 Compressed Oops: Enabled (32-bit)
 Alignments: Space 512K, Generation 512K, Heap 2M
 Heap Min Capacity: 100M
 Heap Initial Capacity: 100M
 Heap Max Capacity: 2G
 Pre-touch: Disabled
 Parallel Workers: 4
Heap:
 PSYoungGen      total 4608K, used 2257K [0x00000000d5580000, 0x00000000d5d00000, 0x0000000100000000)
  eden space 4096K, 48% used [0x00000000d5580000,0x00000000d5774428,0x00000000d5980000)
  from space 512K, 50% used [0x00000000d5c80000,0x00000000d5cc0000,0x00000000d5d00000)
  to   space 512K, 0% used [0x00000000d5c00000,0x00000000d5c00000,0x00000000d5c80000)
 ParOldGen       total 68608K, used 62456K [0x0000000080000000, 0x0000000084300000, 0x00000000d5580000)
  object space 68608K, 91% used [0x0000000080000000,0x0000000083cfe2d8,0x0000000084300000)
 Metaspace       used 70629K, committed 72064K, reserved 1114112K
  class space    used 7489K, committed 8128K, reserved 1048576K
GC Heap History (20 events):
Event: 631.576 GC heap before
{Heap before GC invocations=66 (full 3):
 PSYoungGen      total 4608K, used 4192K [0x00000000d5580000, 0x00000000d5d00000, 0x0000000100000000)
  eden space 4096K, 100% used [0x00000000d5580000,0x00000000d5980000,0x00000000d5980000)
  from space 512K, 18% used [0x00000000d5c80000,0x00000000d5c98000,0x00000000d5d00000)
  to   space 512K, 0% used [0x00000000d5c00000,0x00000000d5c00000,0x00000000d5c80000)
 ParOldGen       total 68608K, used 61793K [0x0000000080000000, 0x0000000084300000, 0x00000000d5580000)
  object space 68608K, 90% used [0x0000000080000000,0x0000000083c586b0,0x0000000084300000)
 Metaspace       used 67229K, committed 68608K, reserved 1114112K
  class space    used 7027K, committed 7616K, reserved 1048576K
}
Event: 631.578 GC heap after
{Heap after GC invocations=66 (full 3):
 PSYoungGen      total 4608K, used 128K [0x00000000d5580000, 0x00000000d5d00000, 0x0000000100000000)
  eden space 4096K, 0% used [0x00000000d5580000,0x00000000d5580000,0x00000000d5980000)
  from space 512K, 25% used [0x00000000d5c00000,0x00000000d5c20000,0x00000000d5c80000)
  to   space 512K, 0% used [0x00000000d5c80000,0x00000000d5c80000,0x00000000d5d00000)
 ParOldGen       total 68608K, used 61801K [0x0000000080000000, 0x0000000084300000, 0x00000000d5580000)
  object space 68608K, 90% used [0x0000000080000000,0x0000000083c5a6b0,0x0000000084300000)
 Metaspace       used 67229K, committed 68608K, reserved 1114112K
  class space    used 7027K, committed 7616K, reserved 1048576K
}
Event: 642.498 GC heap before
{Heap before GC invocations=67 (full 3):
 PSYoungGen      total 4608K, used 4224K [0x00000000d5580000, 0x00000000d5d00000, 0x0000000100000000)
  eden space 4096K, 100% used [0x00000000d5580000,0x00000000d5980000,0x00000000d5980000)
  from space 512K, 25% used [0x00000000d5c00000,0x00000000d5c20000,0x00000000d5c80000)
  to   space 512K, 0% used [0x00000000d5c80000,0x00000000d5c80000,0x00000000d5d00000)
 ParOldGen       total 68608K, used 61801K [0x0000000080000000, 0x0000000084300000, 0x00000000d5580000)
  object space 68608K, 90% used [0x0000000080000000,0x0000000083c5a6b0,0x0000000084300000)
 Metaspace       used 67246K, committed 68608K, reserved 1114112K
  class space    used 7029K, committed 7616K, reserved 1048576K
}
Event: 642.499 GC heap after
{Heap after GC invocations=67 (full 3):
 PSYoungGen      total 4608K, used 96K [0x00000000d5580000, 0x00000000d5d00000, 0x0000000100000000)
  eden space 4096K, 0% used [0x00000000d5580000,0x00000000d5580000,0x00000000d5980000)
  from space 512K, 18% used [0x00000000d5c80000,0x00000000d5c98000,0x00000000d5d00000)
  to   space 512K, 0% used [0x00000000d5c00000,0x00000000d5c00000,0x00000000d5c80000)
 ParOldGen       total 68608K, used 61825K [0x0000000080000000, 0x0000000084300000, 0x00000000d5580000)
  object space 68608K, 90% used [0x0000000080000000,0x0000000083c606b0,0x0000000084300000)
 Metaspace       used 67246K, committed 68608K, reserved 1114112K
  class space    used 7029K, committed 7616K, reserved 1048576K
}
Event: 647.102 GC heap before
{Heap before GC invocations=68 (full 3):
 PSYoungGen      total 4608K, used 4192K [0x00000000d5580000, 0x00000000d5d00000, 0x0000000100000000)
  eden space 4096K, 100% used [0x00000000d5580000,0x00000000d5980000,0x00000000d5980000)
  from space 512K, 18% used [0x00000000d5c80000,0x00000000d5c98000,0x00000000d5d00000)
  to   space 512K, 0% used [0x00000000d5c00000,0x00000000d5c00000,0x00000000d5c80000)
 ParOldGen       total 68608K, used 61825K [0x0000000080000000, 0x0000000084300000, 0x00000000d5580000)
  object space 68608K, 90% used [0x0000000080000000,0x0000000083c606b0,0x0000000084300000)
 Metaspace       used 67259K, committed 68608K, reserved 1114112K
  class space    used 7029K, committed 7616K, reserved 1048576K
}
Event: 647.126 GC heap after
{Heap after GC invocations=68 (full 3):
 PSYoungGen      total 4608K, used 128K [0x00000000d5580000, 0x00000000d5d00000, 0x0000000100000000)
  eden space 4096K, 0% used [0x00000000d5580000,0x00000000d5580000,0x00000000d5980000)
  from space 512K, 25% used [0x00000000d5c00000,0x00000000d5c20000,0x00000000d5c80000)
  to   space 512K, 0% used [0x00000000d5c80000,0x00000000d5c80000,0x00000000d5d00000)
 ParOldGen       total 68608K, used 61849K [0x0000000080000000, 0x0000000084300000, 0x00000000d5580000)
  object space 68608K, 90% used [0x0000000080000000,0x0000000083c666b0,0x0000000084300000)
 Metaspace       used 67259K, committed 68608K, reserved 1114112K
  class space    used 7029K, committed 7616K, reserved 1048576K
}
Event: 653.830 GC heap before
{Heap before GC invocations=69 (full 3):
 PSYoungGen      total 4608K, used 4224K [0x00000000d5580000, 0x00000000d5d00000, 0x0000000100000000)
  eden space 4096K, 100% used [0x00000000d5580000,0x00000000d5980000,0x00000000d5980000)
  from space 512K, 25% used [0x00000000d5c00000,0x00000000d5c20000,0x00000000d5c80000)
  to   space 512K, 0% used [0x00000000d5c80000,0x00000000d5c80000,0x00000000d5d00000)
 ParOldGen       total 68608K, used 61849K [0x0000000080000000, 0x0000000084300000, 0x00000000d5580000)
  object space 68608K, 90% used [0x0000000080000000,0x0000000083c666b0,0x0000000084300000)
 Metaspace       used 67452K, committed 68864K, reserved 1114112K
  class space    used 7061K, committed 7680K, reserved 1048576K
}
Event: 653.834 GC heap after
{Heap after GC invocations=69 (full 3):
 PSYoungGen      total 4608K, used 208K [0x00000000d5580000, 0x00000000d5d00000, 0x0000000100000000)
  eden space 4096K, 0% used [0x00000000d5580000,0x00000000d5580000,0x00000000d5980000)
  from space 512K, 40% used [0x00000000d5c80000,0x00000000d5cb4010,0x00000000d5d00000)
  to   space 512K, 0% used [0x00000000d5c00000,0x00000000d5c00000,0x00000000d5c80000)
 ParOldGen       total 68608K, used 61865K [0x0000000080000000, 0x0000000084300000, 0x00000000d5580000)
  object space 68608K, 90% used [0x0000000080000000,0x0000000083c6a6b0,0x0000000084300000)
 Metaspace       used 67452K, committed 68864K, reserved 1114112K
  class space    used 7061K, committed 7680K, reserved 1048576K
}
Event: 654.098 GC heap before
{Heap before GC invocations=70 (full 3):
 PSYoungGen      total 4608K, used 4304K [0x00000000d5580000, 0x00000000d5d00000, 0x0000000100000000)
  eden space 4096K, 100% used [0x00000000d5580000,0x00000000d5980000,0x00000000d5980000)
  from space 512K, 40% used [0x00000000d5c80000,0x00000000d5cb4010,0x00000000d5d00000)
  to   space 512K, 0% used [0x00000000d5c00000,0x00000000d5c00000,0x00000000d5c80000)
 ParOldGen       total 68608K, used 61865K [0x0000000080000000, 0x0000000084300000, 0x00000000d5580000)
  object space 68608K, 90% used [0x0000000080000000,0x0000000083c6a6b0,0x0000000084300000)
 Metaspace       used 68284K, committed 69632K, reserved 1114112K
  class space    used 7125K, committed 7680K, reserved 1048576K
}
Event: 654.100 GC heap after
{Heap after GC invocations=70 (full 3):
 PSYoungGen      total 4608K, used 438K [0x00000000d5580000, 0x00000000d5d00000, 0x0000000100000000)
  eden space 4096K, 0% used [0x00000000d5580000,0x00000000d5580000,0x00000000d5980000)
  from space 512K, 85% used [0x00000000d5c00000,0x00000000d5c6d968,0x00000000d5c80000)
  to   space 512K, 0% used [0x00000000d5c80000,0x00000000d5c80000,0x00000000d5d00000)
 ParOldGen       total 68608K, used 61985K [0x0000000080000000, 0x0000000084300000, 0x00000000d5580000)
  object space 68608K, 90% used [0x0000000080000000,0x0000000083c886c0,0x0000000084300000)
 Metaspace       used 68284K, committed 69632K, reserved 1114112K
  class space    used 7125K, committed 7680K, reserved 1048576K
}
Event: 654.168 GC heap before
{Heap before GC invocations=71 (full 3):
 PSYoungGen      total 4608K, used 4534K [0x00000000d5580000, 0x00000000d5d00000, 0x0000000100000000)
  eden space 4096K, 100% used [0x00000000d5580000,0x00000000d5980000,0x00000000d5980000)
  from space 512K, 85% used [0x00000000d5c00000,0x00000000d5c6d968,0x00000000d5c80000)
  to   space 512K, 0% used [0x00000000d5c80000,0x00000000d5c80000,0x00000000d5d00000)
 ParOldGen       total 68608K, used 61985K [0x0000000080000000, 0x0000000084300000, 0x00000000d5580000)
  object space 68608K, 90% used [0x0000000080000000,0x0000000083c886c0,0x0000000084300000)
 Metaspace       used 68754K, committed 70144K, reserved 1114112K
  class space    used 7186K, committed 7744K, reserved 1048576K
}
Event: 654.169 GC heap after
{Heap after GC invocations=71 (full 3):
 PSYoungGen      total 4608K, used 96K [0x00000000d5580000, 0x00000000d5d00000, 0x0000000100000000)
  eden space 4096K, 0% used [0x00000000d5580000,0x00000000d5580000,0x00000000d5980000)
  from space 512K, 18% used [0x00000000d5c80000,0x00000000d5c98000,0x00000000d5d00000)
  to   space 512K, 0% used [0x00000000d5c00000,0x00000000d5c00000,0x00000000d5c80000)
 ParOldGen       total 68608K, used 62176K [0x0000000080000000, 0x0000000084300000, 0x00000000d5580000)
  object space 68608K, 90% used [0x0000000080000000,0x0000000083cb82a8,0x0000000084300000)
 Metaspace       used 68754K, committed 70144K, reserved 1114112K
  class space    used 7186K, committed 7744K, reserved 1048576K
}
Event: 654.363 GC heap before
{Heap before GC invocations=72 (full 3):
 PSYoungGen      total 4608K, used 4192K [0x00000000d5580000, 0x00000000d5d00000, 0x0000000100000000)
  eden space 4096K, 100% used [0x00000000d5580000,0x00000000d5980000,0x00000000d5980000)
  from space 512K, 18% used [0x00000000d5c80000,0x00000000d5c98000,0x00000000d5d00000)
  to   space 512K, 0% used [0x00000000d5c00000,0x00000000d5c00000,0x00000000d5c80000)
 ParOldGen       total 68608K, used 62176K [0x0000000080000000, 0x0000000084300000, 0x00000000d5580000)
  object space 68608K, 90% used [0x0000000080000000,0x0000000083cb82a8,0x0000000084300000)
 Metaspace       used 69236K, committed 70656K, reserved 1114112K
  class space    used 7261K, committed 7872K, reserved 1048576K
}
Event: 654.365 GC heap after
{Heap after GC invocations=72 (full 3):
 PSYoungGen      total 4608K, used 192K [0x00000000d5580000, 0x00000000d5d00000, 0x0000000100000000)
  eden space 4096K, 0% used [0x00000000d5580000,0x00000000d5580000,0x00000000d5980000)
  from space 512K, 37% used [0x00000000d5c00000,0x00000000d5c30000,0x00000000d5c80000)
  to   space 512K, 0% used [0x00000000d5c80000,0x00000000d5c80000,0x00000000d5d00000)
 ParOldGen       total 68608K, used 62224K [0x0000000080000000, 0x0000000084300000, 0x00000000d5580000)
  object space 68608K, 90% used [0x0000000080000000,0x0000000083cc42a8,0x0000000084300000)
 Metaspace       used 69236K, committed 70656K, reserved 1114112K
  class space    used 7261K, committed 7872K, reserved 1048576K
}
Event: 654.434 GC heap before
{Heap before GC invocations=73 (full 3):
 PSYoungGen      total 4608K, used 4288K [0x00000000d5580000, 0x00000000d5d00000, 0x0000000100000000)
  eden space 4096K, 100% used [0x00000000d5580000,0x00000000d5980000,0x00000000d5980000)
  from space 512K, 37% used [0x00000000d5c00000,0x00000000d5c30000,0x00000000d5c80000)
  to   space 512K, 0% used [0x00000000d5c80000,0x00000000d5c80000,0x00000000d5d00000)
 ParOldGen       total 68608K, used 62224K [0x0000000080000000, 0x0000000084300000, 0x00000000d5580000)
  object space 68608K, 90% used [0x0000000080000000,0x0000000083cc42a8,0x0000000084300000)
 Metaspace       used 69532K, committed 70912K, reserved 1114112K
  class space    used 7340K, committed 7936K, reserved 1048576K
}
Event: 654.435 GC heap after
{Heap after GC invocations=73 (full 3):
 PSYoungGen      total 4608K, used 160K [0x00000000d5580000, 0x00000000d5d00000, 0x0000000100000000)
  eden space 4096K, 0% used [0x00000000d5580000,0x00000000d5580000,0x00000000d5980000)
  from space 512K, 31% used [0x00000000d5c80000,0x00000000d5ca8000,0x00000000d5d00000)
  to   space 512K, 0% used [0x00000000d5c00000,0x00000000d5c00000,0x00000000d5c80000)
 ParOldGen       total 68608K, used 62328K [0x0000000080000000, 0x0000000084300000, 0x00000000d5580000)
  object space 68608K, 90% used [0x0000000080000000,0x0000000083cde2d8,0x0000000084300000)
 Metaspace       used 69532K, committed 70912K, reserved 1114112K
  class space    used 7340K, committed 7936K, reserved 1048576K
}
Event: 654.521 GC heap before
{Heap before GC invocations=74 (full 3):
 PSYoungGen      total 4608K, used 4255K [0x00000000d5580000, 0x00000000d5d00000, 0x0000000100000000)
  eden space 4096K, 99% used [0x00000000d5580000,0x00000000d597ffd8,0x00000000d5980000)
  from space 512K, 31% used [0x00000000d5c80000,0x00000000d5ca8000,0x00000000d5d00000)
  to   space 512K, 0% used [0x00000000d5c00000,0x00000000d5c00000,0x00000000d5c80000)
 ParOldGen       total 68608K, used 62328K [0x0000000080000000, 0x0000000084300000, 0x00000000d5580000)
  object space 68608K, 90% used [0x0000000080000000,0x0000000083cde2d8,0x0000000084300000)
 Metaspace       used 70001K, committed 71360K, reserved 1114112K
  class space    used 7413K, committed 8000K, reserved 1048576K
}
Event: 654.523 GC heap after
{Heap after GC invocations=74 (full 3):
 PSYoungGen      total 4608K, used 178K [0x00000000d5580000, 0x00000000d5d00000, 0x0000000100000000)
  eden space 4096K, 0% used [0x00000000d5580000,0x00000000d5580000,0x00000000d5980000)
  from space 512K, 34% used [0x00000000d5c00000,0x00000000d5c2c950,0x00000000d5c80000)
  to   space 512K, 0% used [0x00000000d5c80000,0x00000000d5c80000,0x00000000d5d00000)
 ParOldGen       total 68608K, used 62384K [0x0000000080000000, 0x0000000084300000, 0x00000000d5580000)
  object space 68608K, 90% used [0x0000000080000000,0x0000000083cec2d8,0x0000000084300000)
 Metaspace       used 70001K, committed 71360K, reserved 1114112K
  class space    used 7413K, committed 8000K, reserved 1048576K
}
Event: 663.244 GC heap before
{Heap before GC invocations=75 (full 3):
 PSYoungGen      total 4608K, used 4274K [0x00000000d5580000, 0x00000000d5d00000, 0x0000000100000000)
  eden space 4096K, 100% used [0x00000000d5580000,0x00000000d5980000,0x00000000d5980000)
  from space 512K, 34% used [0x00000000d5c00000,0x00000000d5c2c950,0x00000000d5c80000)
  to   space 512K, 0% used [0x00000000d5c80000,0x00000000d5c80000,0x00000000d5d00000)
 ParOldGen       total 68608K, used 62384K [0x0000000080000000, 0x0000000084300000, 0x00000000d5580000)
  object space 68608K, 90% used [0x0000000080000000,0x0000000083cec2d8,0x0000000084300000)
 Metaspace       used 70570K, committed 72064K, reserved 1114112K
  class space    used 7485K, committed 8128K, reserved 1048576K
}
Event: 663.248 GC heap after
{Heap after GC invocations=75 (full 3):
 PSYoungGen      total 4608K, used 256K [0x00000000d5580000, 0x00000000d5d00000, 0x0000000100000000)
  eden space 4096K, 0% used [0x00000000d5580000,0x00000000d5580000,0x00000000d5980000)
  from space 512K, 50% used [0x00000000d5c80000,0x00000000d5cc0000,0x00000000d5d00000)
  to   space 512K, 0% used [0x00000000d5c00000,0x00000000d5c00000,0x00000000d5c80000)
 ParOldGen       total 68608K, used 62456K [0x0000000080000000, 0x0000000084300000, 0x00000000d5580000)
  object space 68608K, 91% used [0x0000000080000000,0x0000000083cfe2d8,0x0000000084300000)
 Metaspace       used 70570K, committed 72064K, reserved 1114112K
  class space    used 7485K, committed 8128K, reserved 1048576K
}

