# JRE version: OpenJDK Runtime Environment Temurin-21.0.9+10 (21.0.9+10) (build 21.0.9+10-LTS)
# Java VM: OpenJDK 64-Bit Server VM Temurin-21.0.9+10 (21.0.9+10-LTS, mixed mode, sharing, tiered, compressed oops, compressed class ptrs, parallel gc, windows-amd64)
GC Precious Log:
 CardTable entry size: 512
 CPUs: 4 total, 4 available
 Memory: 3919M
 Large Page Support: Disabled
 NUMA Support: Disabled
 Compressed Oops: Enabled (32-bit)
 Alignments: Space 512K, Generation 512K, Heap 2M
 Heap Min Capacity: 100M
 Heap Initial Capacity: 100M
 Heap Max Capacity: 2G
 Pre-touch: Disabled
 Parallel Workers: 4
Heap:
 PSYoungGen      total 23040K, used 8861K [0x00000000d5580000, 0x00000000d6e80000, 0x0000000100000000)
  eden space 20992K, 32% used [0x00000000d5580000,0x00000000d5c29840,0x00000000d6a00000)
  from space 2048K, 99% used [0x00000000d6a80000,0x00000000d6c7de30,0x00000000d6c80000)
  to   space 512K, 0% used [0x00000000d6e00000,0x00000000d6e00000,0x00000000d6e80000)
 ParOldGen       total 122368K, used 105368K [0x0000000080000000, 0x0000000087780000, 0x00000000d5580000)
  object space 122368K, 86% used [0x0000000080000000,0x00000000866e61c8,0x0000000087780000)
 Metaspace       used 70180K, committed 71744K, reserved 1114112K
  class space    used 7399K, committed 8064K, reserved 1048576K
GC Heap History (20 events):
Event: 307.705 GC heap before
{Heap before GC invocations=45 (full 3):
 PSYoungGen      total 25088K, used 23280K [0x00000000d5580000, 0x00000000d7180000, 0x0000000100000000)
  eden space 22016K, 100% used [0x00000000d5580000,0x00000000d6b00000,0x00000000d6b00000)
  from space 3072K, 41% used [0x00000000d6c80000,0x00000000d6dbc290,0x00000000d6f80000)
  to   space 1536K, 0% used [0x00000000d7000000,0x00000000d7000000,0x00000000d7180000)
 ParOldGen       total 122368K, used 93566K [0x0000000080000000, 0x0000000087780000, 0x00000000d5580000)
  object space 122368K, 76% used [0x0000000080000000,0x0000000085b5f860,0x0000000087780000)
 Metaspace       used 67111K, committed 68544K, reserved 1114112K
  class space    used 7167K, committed 7808K, reserved 1048576K
}
Event: 307.936 GC heap after
{Heap after GC invocations=45 (full 3):
 PSYoungGen      total 23552K, used 1056K [0x00000000d5580000, 0x00000000d7180000, 0x0000000100000000)
  eden space 22016K, 0% used [0x00000000d5580000,0x00000000d5580000,0x00000000d6b00000)
  from space 1536K, 68% used [0x00000000d7000000,0x00000000d7108000,0x00000000d7180000)
  to   space 1536K, 0% used [0x00000000d6e80000,0x00000000d6e80000,0x00000000d7000000)
 ParOldGen       total 122368K, used 94926K [0x0000000080000000, 0x0000000087780000, 0x00000000d5580000)
  object space 122368K, 77% used [0x0000000080000000,0x0000000085cb3bd8,0x0000000087780000)
 Metaspace       used 67111K, committed 68544K, reserved 1114112K
  class space    used 7167K, committed 7808K, reserved 1048576K
}
Event: 310.090 GC heap before
{Heap before GC invocations=46 (full 3):
 PSYoungGen      total 23552K, used 23072K [0x00000000d5580000, 0x00000000d7180000, 0x0000000100000000)
  eden space 22016K, 100% used [0x00000000d5580000,0x00000000d6b00000,0x00000000d6b00000)
  from space 1536K, 68% used [0x00000000d7000000,0x00000000d7108000,0x00000000d7180000)
  to   space 1536K, 0% used [0x00000000d6e80000,0x00000000d6e80000,0x00000000d7000000)
 ParOldGen       total 122368K, used 94926K [0x0000000080000000, 0x0000000087780000, 0x00000000d5580000)
  object space 122368K, 77% used [0x0000000080000000,0x0000000085cb3bd8,0x0000000087780000)
 Metaspace       used 68699K, committed 70272K, reserved 1114112K
  class space    used 7342K, committed 8000K, reserved 1048576K
}
Event: 310.175 GC heap after
{Heap after GC invocations=46 (full 3):
 PSYoungGen      total 23552K, used 1264K [0x00000000d5580000, 0x00000000d7080000, 0x0000000100000000)
  eden space 22016K, 0% used [0x00000000d5580000,0x00000000d5580000,0x00000000d6b00000)
  from space 1536K, 82% used [0x00000000d6e80000,0x00000000d6fbc010,0x00000000d7000000)
  to   space 512K, 0% used [0x00000000d7000000,0x00000000d7000000,0x00000000d7080000)
 ParOldGen       total 122368K, used 95166K [0x0000000080000000, 0x0000000087780000, 0x00000000d5580000)
  object space 122368K, 77% used [0x0000000080000000,0x0000000085cefbd8,0x0000000087780000)
 Metaspace       used 68699K, committed 70272K, reserved 1114112K
  class space    used 7342K, committed 8000K, reserved 1048576K
}
Event: 312.356 GC heap before
{Heap before GC invocations=47 (full 3):
 PSYoungGen      total 23552K, used 23280K [0x00000000d5580000, 0x00000000d7080000, 0x0000000100000000)
  eden space 22016K, 100% used [0x00000000d5580000,0x00000000d6b00000,0x00000000d6b00000)
  from space 1536K, 82% used [0x00000000d6e80000,0x00000000d6fbc010,0x00000000d7000000)
  to   space 512K, 0% used [0x00000000d7000000,0x00000000d7000000,0x00000000d7080000)
 ParOldGen       total 122368K, used 95166K [0x0000000080000000, 0x0000000087780000, 0x00000000d5580000)
  object space 122368K, 77% used [0x0000000080000000,0x0000000085cefbd8,0x0000000087780000)
 Metaspace       used 68971K, committed 70528K, reserved 1114112K
  class space    used 7351K, committed 8000K, reserved 1048576K
}
Event: 312.551 GC heap after
{Heap after GC invocations=47 (full 3):
 PSYoungGen      total 21504K, used 499K [0x00000000d5580000, 0x00000000d7700000, 0x0000000100000000)
  eden space 20992K, 0% used [0x00000000d5580000,0x00000000d5580000,0x00000000d6a00000)
  from space 512K, 97% used [0x00000000d7000000,0x00000000d707cf10,0x00000000d7080000)
  to   space 6144K, 0% used [0x00000000d6a00000,0x00000000d6a00000,0x00000000d7000000)
 ParOldGen       total 122368K, used 100047K [0x0000000080000000, 0x0000000087780000, 0x00000000d5580000)
  object space 122368K, 81% used [0x0000000080000000,0x00000000861b3c28,0x0000000087780000)
 Metaspace       used 68971K, committed 70528K, reserved 1114112K
  class space    used 7351K, committed 8000K, reserved 1048576K
}
Event: 317.141 GC heap before
{Heap before GC invocations=48 (full 3):
 PSYoungGen      total 21504K, used 21491K [0x00000000d5580000, 0x00000000d7700000, 0x0000000100000000)
  eden space 20992K, 100% used [0x00000000d5580000,0x00000000d6a00000,0x00000000d6a00000)
  from space 512K, 97% used [0x00000000d7000000,0x00000000d707cf10,0x00000000d7080000)
  to   space 6144K, 0% used [0x00000000d6a00000,0x00000000d6a00000,0x00000000d7000000)
 ParOldGen       total 122368K, used 100047K [0x0000000080000000, 0x0000000087780000, 0x00000000d5580000)
  object space 122368K, 81% used [0x0000000080000000,0x00000000861b3c28,0x0000000087780000)
 Metaspace       used 69032K, committed 70592K, reserved 1114112K
  class space    used 7352K, committed 8000K, reserved 1048576K
}
Event: 317.179 GC heap after
{Heap after GC invocations=48 (full 3):
 PSYoungGen      total 25088K, used 3628K [0x00000000d5580000, 0x00000000d7300000, 0x0000000100000000)
  eden space 20992K, 0% used [0x00000000d5580000,0x00000000d5580000,0x00000000d6a00000)
  from space 4096K, 88% used [0x00000000d6a00000,0x00000000d6d8b0a0,0x00000000d6e00000)
  to   space 4608K, 0% used [0x00000000d6e80000,0x00000000d6e80000,0x00000000d7300000)
 ParOldGen       total 122368K, used 100237K [0x0000000080000000, 0x0000000087780000, 0x00000000d5580000)
  object space 122368K, 81% used [0x0000000080000000,0x00000000861e34f0,0x0000000087780000)
 Metaspace       used 69032K, committed 70592K, reserved 1114112K
  class space    used 7352K, committed 8000K, reserved 1048576K
}
Event: 338.729 GC heap before
{Heap before GC invocations=49 (full 3):
 PSYoungGen      total 25088K, used 24620K [0x00000000d5580000, 0x00000000d7300000, 0x0000000100000000)
  eden space 20992K, 100% used [0x00000000d5580000,0x00000000d6a00000,0x00000000d6a00000)
  from space 4096K, 88% used [0x00000000d6a00000,0x00000000d6d8b0a0,0x00000000d6e00000)
  to   space 4608K, 0% used [0x00000000d6e80000,0x00000000d6e80000,0x00000000d7300000)
 ParOldGen       total 122368K, used 100237K [0x0000000080000000, 0x0000000087780000, 0x00000000d5580000)
  object space 122368K, 81% used [0x0000000080000000,0x00000000861e34f0,0x0000000087780000)
 Metaspace       used 69239K, committed 70720K, reserved 1114112K
  class space    used 7356K, committed 8000K, reserved 1048576K
}
Event: 338.742 GC heap after
{Heap after GC invocations=49 (full 3):
 PSYoungGen      total 22016K, used 544K [0x00000000d5580000, 0x00000000d6f80000, 0x0000000100000000)
  eden space 20992K, 0% used [0x00000000d5580000,0x00000000d5580000,0x00000000d6a00000)
  from space 1024K, 53% used [0x00000000d6e80000,0x00000000d6f08000,0x00000000d6f80000)
  to   space 2048K, 0% used [0x00000000d6b80000,0x00000000d6b80000,0x00000000d6d80000)
 ParOldGen       total 122368K, used 100549K [0x0000000080000000, 0x0000000087780000, 0x00000000d5580000)
  object space 122368K, 82% used [0x0000000080000000,0x00000000862314f0,0x0000000087780000)
 Metaspace       used 69239K, committed 70720K, reserved 1114112K
  class space    used 7356K, committed 8000K, reserved 1048576K
}
Event: 341.309 GC heap before
{Heap before GC invocations=50 (full 3):
 PSYoungGen      total 22016K, used 21508K [0x00000000d5580000, 0x00000000d6f80000, 0x0000000100000000)
  eden space 20992K, 99% used [0x00000000d5580000,0x00000000d69f9128,0x00000000d6a00000)
  from space 1024K, 53% used [0x00000000d6e80000,0x00000000d6f08000,0x00000000d6f80000)
  to   space 2048K, 0% used [0x00000000d6b80000,0x00000000d6b80000,0x00000000d6d80000)
 ParOldGen       total 122368K, used 100549K [0x0000000080000000, 0x0000000087780000, 0x00000000d5580000)
  object space 122368K, 82% used [0x0000000080000000,0x00000000862314f0,0x0000000087780000)
 Metaspace       used 69599K, committed 71232K, reserved 1114112K
  class space    used 7382K, committed 8064K, reserved 1048576K
}
Event: 341.313 GC heap after
{Heap after GC invocations=50 (full 3):
 PSYoungGen      total 23040K, used 768K [0x00000000d5580000, 0x00000000d6f00000, 0x0000000100000000)
  eden space 20992K, 0% used [0x00000000d5580000,0x00000000d5580000,0x00000000d6a00000)
  from space 2048K, 37% used [0x00000000d6b80000,0x00000000d6c40000,0x00000000d6d80000)
  to   space 1024K, 0% used [0x00000000d6e00000,0x00000000d6e00000,0x00000000d6f00000)
 ParOldGen       total 122368K, used 100611K [0x0000000080000000, 0x0000000087780000, 0x00000000d5580000)
  object space 122368K, 82% used [0x0000000080000000,0x0000000086240fb8,0x0000000087780000)
 Metaspace       used 69599K, committed 71232K, reserved 1114112K
  class space    used 7382K, committed 8064K, reserved 1048576K
}
Event: 344.343 GC heap before
{Heap before GC invocations=51 (full 3):
 PSYoungGen      total 23040K, used 21760K [0x00000000d5580000, 0x00000000d6f00000, 0x0000000100000000)
  eden space 20992K, 100% used [0x00000000d5580000,0x00000000d6a00000,0x00000000d6a00000)
  from space 2048K, 37% used [0x00000000d6b80000,0x00000000d6c40000,0x00000000d6d80000)
  to   space 1024K, 0% used [0x00000000d6e00000,0x00000000d6e00000,0x00000000d6f00000)
 ParOldGen       total 122368K, used 100611K [0x0000000080000000, 0x0000000087780000, 0x00000000d5580000)
  object space 122368K, 82% used [0x0000000080000000,0x0000000086240fb8,0x0000000087780000)
 Metaspace       used 69677K, committed 71232K, reserved 1114112K
  class space    used 7382K, committed 8064K, reserved 1048576K
}
Event: 344.365 GC heap after
{Heap after GC invocations=51 (full 3):
 PSYoungGen      total 22016K, used 812K [0x00000000d5580000, 0x00000000d6f00000, 0x0000000100000000)
  eden space 20992K, 0% used [0x00000000d5580000,0x00000000d5580000,0x00000000d6a00000)
  from space 1024K, 79% used [0x00000000d6e00000,0x00000000d6ecb0a0,0x00000000d6f00000)
  to   space 1024K, 0% used [0x00000000d6d00000,0x00000000d6d00000,0x00000000d6e00000)
 ParOldGen       total 122368K, used 101259K [0x0000000080000000, 0x0000000087780000, 0x00000000d5580000)
  object space 122368K, 82% used [0x0000000080000000,0x00000000862e2d20,0x0000000087780000)
 Metaspace       used 69677K, committed 71232K, reserved 1114112K
  class space    used 7382K, committed 8064K, reserved 1048576K
}
Event: 349.614 GC heap before
{Heap before GC invocations=52 (full 3):
 PSYoungGen      total 22016K, used 21804K [0x00000000d5580000, 0x00000000d6f00000, 0x0000000100000000)
  eden space 20992K, 100% used [0x00000000d5580000,0x00000000d6a00000,0x00000000d6a00000)
  from space 1024K, 79% used [0x00000000d6e00000,0x00000000d6ecb0a0,0x00000000d6f00000)
  to   space 1024K, 0% used [0x00000000d6d00000,0x00000000d6d00000,0x00000000d6e00000)
 ParOldGen       total 122368K, used 101259K [0x0000000080000000, 0x0000000087780000, 0x00000000d5580000)
  object space 122368K, 82% used [0x0000000080000000,0x00000000862e2d20,0x0000000087780000)
 Metaspace       used 69862K, committed 71424K, reserved 1114112K
  class space    used 7387K, committed 8064K, reserved 1048576K
}
Event: 349.629 GC heap after
{Heap after GC invocations=52 (full 3):
 PSYoungGen      total 22016K, used 1011K [0x00000000d5580000, 0x00000000d6e80000, 0x0000000100000000)
  eden space 20992K, 0% used [0x00000000d5580000,0x00000000d5580000,0x00000000d6a00000)
  from space 1024K, 98% used [0x00000000d6d00000,0x00000000d6dfcf10,0x00000000d6e00000)
  to   space 512K, 0% used [0x00000000d6e00000,0x00000000d6e00000,0x00000000d6e80000)
 ParOldGen       total 122368K, used 101873K [0x0000000080000000, 0x0000000087780000, 0x00000000d5580000)
  object space 122368K, 83% used [0x0000000080000000,0x000000008637c748,0x0000000087780000)
 Metaspace       used 69862K, committed 71424K, reserved 1114112K
  class space    used 7387K, committed 8064K, reserved 1048576K
}
Event: 352.537 GC heap before
{Heap before GC invocations=53 (full 3):
 PSYoungGen      total 22016K, used 22003K [0x00000000d5580000, 0x00000000d6e80000, 0x0000000100000000)
  eden space 20992K, 100% used [0x00000000d5580000,0x00000000d6a00000,0x00000000d6a00000)
  from space 1024K, 98% used [0x00000000d6d00000,0x00000000d6dfcf10,0x00000000d6e00000)
  to   space 512K, 0% used [0x00000000d6e00000,0x00000000d6e00000,0x00000000d6e80000)
 ParOldGen       total 122368K, used 101873K [0x0000000080000000, 0x0000000087780000, 0x00000000d5580000)
  object space 122368K, 83% used [0x0000000080000000,0x000000008637c748,0x0000000087780000)
 Metaspace       used 70042K, committed 71616K, reserved 1114112K
  class space    used 7395K, committed 8064K, reserved 1048576K
}
Event: 353.280 GC heap after
{Heap after GC invocations=53 (full 3):
 PSYoungGen      total 21504K, used 512K [0x00000000d5580000, 0x00000000d6e80000, 0x0000000100000000)
  eden space 20992K, 0% used [0x00000000d5580000,0x00000000d5580000,0x00000000d6a00000)
  from space 512K, 100% used [0x00000000d6e00000,0x00000000d6e80000,0x00000000d6e80000)
  to   space 2048K, 0% used [0x00000000d6a80000,0x00000000d6a80000,0x00000000d6c80000)
 ParOldGen       total 122368K, used 103064K [0x0000000080000000, 0x0000000087780000, 0x00000000d5580000)
  object space 122368K, 84% used [0x0000000080000000,0x00000000864a61c8,0x0000000087780000)
 Metaspace       used 70042K, committed 71616K, reserved 1114112K
  class space    used 7395K, committed 8064K, reserved 1048576K
}
Event: 362.926 GC heap before
{Heap before GC invocations=54 (full 3):
 PSYoungGen      total 21504K, used 21504K [0x00000000d5580000, 0x00000000d6e80000, 0x0000000100000000)
  eden space 20992K, 100% used [0x00000000d5580000,0x00000000d6a00000,0x00000000d6a00000)
  from space 512K, 100% used [0x00000000d6e00000,0x00000000d6e80000,0x00000000d6e80000)
  to   space 2048K, 0% used [0x00000000d6a80000,0x00000000d6a80000,0x00000000d6c80000)
 ParOldGen       total 122368K, used 103064K [0x0000000080000000, 0x0000000087780000, 0x00000000d5580000)
  object space 122368K, 84% used [0x0000000080000000,0x00000000864a61c8,0x0000000087780000)
 Metaspace       used 70103K, committed 71680K, reserved 1114112K
  class space    used 7398K, committed 8064K, reserved 1048576K
}
Event: 363.175 GC heap after
{Heap after GC invocations=54 (full 3):
 PSYoungGen      total 23040K, used 2039K [0x00000000d5580000, 0x00000000d6e80000, 0x0000000100000000)
  eden space 20992K, 0% used [0x00000000d5580000,0x00000000d5580000,0x00000000d6a00000)
  from space 2048K, 99% used [0x00000000d6a80000,0x00000000d6c7de30,0x00000000d6c80000)
  to   space 512K, 0% used [0x00000000d6e00000,0x00000000d6e00000,0x00000000d6e80000)
 ParOldGen       total 122368K, used 105368K [0x0000000080000000, 0x0000000087780000, 0x00000000d5580000)
  object space 122368K, 86% used [0x0000000080000000,0x00000000866e61c8,0x0000000087780000)
 Metaspace       used 70103K, committed 71680K, reserved 1114112K
  class space    used 7398K, committed 8064K, reserved 1048576K
}

