# JRE version: OpenJDK Runtime Environment Temurin-21.0.9+10 (21.0.9+10) (build 21.0.9+10-LTS)
# Java VM: OpenJDK 64-Bit Server VM Temurin-21.0.9+10 (21.0.9+10-LTS, mixed mode, sharing, tiered, compressed oops, compressed class ptrs, parallel gc, windows-amd64)
GC Precious Log:
 CardTable entry size: 512
 CPUs: 4 total, 4 available
 Memory: 3919M
 Large Page Support: Disabled
 NUMA Support: Disabled
 Compressed Oops: Enabled (32-bit)
 Alignments: Space 512K, Generation 512K, Heap 2M
 Heap Min Capacity: 100M
 Heap Initial Capacity: 100M
 Heap Max Capacity: 2G
 Pre-touch: Disabled
 Parallel Workers: 4
Heap:
 PSYoungGen      total 22016K, used 20291K [0x00000000d5580000, 0x00000000d6e80000, 0x0000000100000000)
  eden space 20992K, 91% used [0x00000000d5580000,0x00000000d685ac58,0x00000000d6a00000)
  from space 1024K, 96% used [0x00000000d6a00000,0x00000000d6af6260,0x00000000d6b00000)
  to   space 2048K, 0% used [0x00000000d6c80000,0x00000000d6c80000,0x00000000d6e80000)
 ParOldGen       total 68608K, used 44927K [0x0000000080000000, 0x0000000084300000, 0x00000000d5580000)
  object space 68608K, 65% used [0x0000000080000000,0x0000000082bdfc78,0x0000000084300000)
 Metaspace       used 65486K, committed 67008K, reserved 1114112K
  class space    used 7043K, committed 7744K, reserved 1048576K
GC Heap History (20 events):
Event: 28.914 GC heap before
{Heap before GC invocations=29 (full 2):
 PSYoungGen      total 22016K, used 21748K [0x00000000d5580000, 0x00000000d7100000, 0x0000000100000000)
  eden space 20992K, 100% used [0x00000000d5580000,0x00000000d6a00000,0x00000000d6a00000)
  from space 1024K, 73% used [0x00000000d7000000,0x00000000d70bd3c8,0x00000000d7100000)
  to   space 2560K, 0% used [0x00000000d6c00000,0x00000000d6c00000,0x00000000d6e80000)
 ParOldGen       total 68608K, used 39962K [0x0000000080000000, 0x0000000084300000, 0x00000000d5580000)
  object space 68608K, 58% used [0x0000000080000000,0x0000000082706ad8,0x0000000084300000)
 Metaspace       used 51452K, committed 52608K, reserved 1114112K
  class space    used 5576K, committed 6080K, reserved 1048576K
}
Event: 28.916 GC heap after
{Heap after GC invocations=29 (full 2):
 PSYoungGen      total 23552K, used 1121K [0x00000000d5580000, 0x00000000d7080000, 0x0000000100000000)
  eden space 20992K, 0% used [0x00000000d5580000,0x00000000d5580000,0x00000000d6a00000)
  from space 2560K, 43% used [0x00000000d6c00000,0x00000000d6d18678,0x00000000d6e80000)
  to   space 1536K, 0% used [0x00000000d6f00000,0x00000000d6f00000,0x00000000d7080000)
 ParOldGen       total 68608K, used 40662K [0x0000000080000000, 0x0000000084300000, 0x00000000d5580000)
  object space 68608K, 59% used [0x0000000080000000,0x00000000827b59d8,0x0000000084300000)
 Metaspace       used 51452K, committed 52608K, reserved 1114112K
  class space    used 5576K, committed 6080K, reserved 1048576K
}
Event: 29.075 GC heap before
{Heap before GC invocations=30 (full 2):
 PSYoungGen      total 23552K, used 22113K [0x00000000d5580000, 0x00000000d7080000, 0x0000000100000000)
  eden space 20992K, 100% used [0x00000000d5580000,0x00000000d6a00000,0x00000000d6a00000)
  from space 2560K, 43% used [0x00000000d6c00000,0x00000000d6d18678,0x00000000d6e80000)
  to   space 1536K, 0% used [0x00000000d6f00000,0x00000000d6f00000,0x00000000d7080000)
 ParOldGen       total 68608K, used 40662K [0x0000000080000000, 0x0000000084300000, 0x00000000d5580000)
  object space 68608K, 59% used [0x0000000080000000,0x00000000827b59d8,0x0000000084300000)
 Metaspace       used 51491K, committed 52608K, reserved 1114112K
  class space    used 5578K, committed 6080K, reserved 1048576K
}
Event: 29.077 GC heap after
{Heap after GC invocations=30 (full 2):
 PSYoungGen      total 22016K, used 649K [0x00000000d5580000, 0x00000000d7000000, 0x0000000100000000)
  eden space 20992K, 0% used [0x00000000d5580000,0x00000000d5580000,0x00000000d6a00000)
  from space 1024K, 63% used [0x00000000d6f00000,0x00000000d6fa2788,0x00000000d7000000)
  to   space 1024K, 0% used [0x00000000d6e00000,0x00000000d6e00000,0x00000000d6f00000)
 ParOldGen       total 68608K, used 41499K [0x0000000080000000, 0x0000000084300000, 0x00000000d5580000)
  object space 68608K, 60% used [0x0000000080000000,0x0000000082886c40,0x0000000084300000)
 Metaspace       used 51491K, committed 52608K, reserved 1114112K
  class space    used 5578K, committed 6080K, reserved 1048576K
}
Event: 29.679 GC heap before
{Heap before GC invocations=31 (full 2):
 PSYoungGen      total 22016K, used 21641K [0x00000000d5580000, 0x00000000d7000000, 0x0000000100000000)
  eden space 20992K, 100% used [0x00000000d5580000,0x00000000d6a00000,0x00000000d6a00000)
  from space 1024K, 63% used [0x00000000d6f00000,0x00000000d6fa2788,0x00000000d7000000)
  to   space 1024K, 0% used [0x00000000d6e00000,0x00000000d6e00000,0x00000000d6f00000)
 ParOldGen       total 68608K, used 41499K [0x0000000080000000, 0x0000000084300000, 0x00000000d5580000)
  object space 68608K, 60% used [0x0000000080000000,0x0000000082886c40,0x0000000084300000)
 Metaspace       used 53278K, committed 54400K, reserved 1114112K
  class space    used 5711K, committed 6208K, reserved 1048576K
}
Event: 29.680 GC heap after
{Heap after GC invocations=31 (full 2):
 PSYoungGen      total 22016K, used 320K [0x00000000d5580000, 0x00000000d6f80000, 0x0000000100000000)
  eden space 20992K, 0% used [0x00000000d5580000,0x00000000d5580000,0x00000000d6a00000)
  from space 1024K, 31% used [0x00000000d6e00000,0x00000000d6e50000,0x00000000d6f00000)
  to   space 512K, 0% used [0x00000000d6f00000,0x00000000d6f00000,0x00000000d6f80000)
 ParOldGen       total 68608K, used 41523K [0x0000000080000000, 0x0000000084300000, 0x00000000d5580000)
  object space 68608K, 60% used [0x0000000080000000,0x000000008288cc40,0x0000000084300000)
 Metaspace       used 53278K, committed 54400K, reserved 1114112K
  class space    used 5711K, committed 6208K, reserved 1048576K
}
Event: 30.858 GC heap before
{Heap before GC invocations=32 (full 2):
 PSYoungGen      total 22016K, used 21311K [0x00000000d5580000, 0x00000000d6f80000, 0x0000000100000000)
  eden space 20992K, 99% used [0x00000000d5580000,0x00000000d69fffd0,0x00000000d6a00000)
  from space 1024K, 31% used [0x00000000d6e00000,0x00000000d6e50000,0x00000000d6f00000)
  to   space 512K, 0% used [0x00000000d6f00000,0x00000000d6f00000,0x00000000d6f80000)
 ParOldGen       total 68608K, used 41523K [0x0000000080000000, 0x0000000084300000, 0x00000000d5580000)
  object space 68608K, 60% used [0x0000000080000000,0x000000008288cc40,0x0000000084300000)
 Metaspace       used 55360K, committed 56640K, reserved 1114112K
  class space    used 5957K, committed 6528K, reserved 1048576K
}
Event: 30.862 GC heap after
{Heap after GC invocations=32 (full 2):
 PSYoungGen      total 21504K, used 512K [0x00000000d5580000, 0x00000000d6f80000, 0x0000000100000000)
  eden space 20992K, 0% used [0x00000000d5580000,0x00000000d5580000,0x00000000d6a00000)
  from space 512K, 100% used [0x00000000d6f00000,0x00000000d6f80000,0x00000000d6f80000)
  to   space 1536K, 0% used [0x00000000d6c80000,0x00000000d6c80000,0x00000000d6e00000)
 ParOldGen       total 68608K, used 41987K [0x0000000080000000, 0x0000000084300000, 0x00000000d5580000)
  object space 68608K, 61% used [0x0000000080000000,0x0000000082900c38,0x0000000084300000)
 Metaspace       used 55360K, committed 56640K, reserved 1114112K
  class space    used 5957K, committed 6528K, reserved 1048576K
}
Event: 31.944 GC heap before
{Heap before GC invocations=33 (full 2):
 PSYoungGen      total 21504K, used 21504K [0x00000000d5580000, 0x00000000d6f80000, 0x0000000100000000)
  eden space 20992K, 100% used [0x00000000d5580000,0x00000000d6a00000,0x00000000d6a00000)
  from space 512K, 100% used [0x00000000d6f00000,0x00000000d6f80000,0x00000000d6f80000)
  to   space 1536K, 0% used [0x00000000d6c80000,0x00000000d6c80000,0x00000000d6e00000)
 ParOldGen       total 68608K, used 41987K [0x0000000080000000, 0x0000000084300000, 0x00000000d5580000)
  object space 68608K, 61% used [0x0000000080000000,0x0000000082900c38,0x0000000084300000)
 Metaspace       used 57563K, committed 58944K, reserved 1114112K
  class space    used 6189K, committed 6784K, reserved 1048576K
}
Event: 31.948 GC heap after
{Heap after GC invocations=33 (full 2):
 PSYoungGen      total 22528K, used 1376K [0x00000000d5580000, 0x00000000d6f80000, 0x0000000100000000)
  eden space 20992K, 0% used [0x00000000d5580000,0x00000000d5580000,0x00000000d6a00000)
  from space 1536K, 89% used [0x00000000d6c80000,0x00000000d6dd8060,0x00000000d6e00000)
  to   space 1536K, 0% used [0x00000000d6e00000,0x00000000d6e00000,0x00000000d6f80000)
 ParOldGen       total 68608K, used 42453K [0x0000000080000000, 0x0000000084300000, 0x00000000d5580000)
  object space 68608K, 61% used [0x0000000080000000,0x00000000829757b8,0x0000000084300000)
 Metaspace       used 57563K, committed 58944K, reserved 1114112K
  class space    used 6189K, committed 6784K, reserved 1048576K
}
Event: 32.916 GC heap before
{Heap before GC invocations=34 (full 2):
 PSYoungGen      total 22528K, used 11146K [0x00000000d5580000, 0x00000000d6f80000, 0x0000000100000000)
  eden space 20992K, 46% used [0x00000000d5580000,0x00000000d5f0aa40,0x00000000d6a00000)
  from space 1536K, 89% used [0x00000000d6c80000,0x00000000d6dd8060,0x00000000d6e00000)
  to   space 1536K, 0% used [0x00000000d6e00000,0x00000000d6e00000,0x00000000d6f80000)
 ParOldGen       total 68608K, used 42453K [0x0000000080000000, 0x0000000084300000, 0x00000000d5580000)
  object space 68608K, 61% used [0x0000000080000000,0x00000000829757b8,0x0000000084300000)
 Metaspace       used 58463K, committed 59776K, reserved 1114112K
  class space    used 6258K, committed 6848K, reserved 1048576K
}
Event: 32.922 GC heap after
{Heap after GC invocations=34 (full 2):
 PSYoungGen      total 22528K, used 1476K [0x00000000d5580000, 0x00000000d6f80000, 0x0000000100000000)
  eden space 20992K, 0% used [0x00000000d5580000,0x00000000d5580000,0x00000000d6a00000)
  from space 1536K, 96% used [0x00000000d6e00000,0x00000000d6f71388,0x00000000d6f80000)
  to   space 1536K, 0% used [0x00000000d6c80000,0x00000000d6c80000,0x00000000d6e00000)
 ParOldGen       total 68608K, used 43541K [0x0000000080000000, 0x0000000084300000, 0x00000000d5580000)
  object space 68608K, 63% used [0x0000000080000000,0x0000000082a85660,0x0000000084300000)
 Metaspace       used 58463K, committed 59776K, reserved 1114112K
  class space    used 6258K, committed 6848K, reserved 1048576K
}
Event: 32.922 GC heap before
{Heap before GC invocations=35 (full 3):
 PSYoungGen      total 22528K, used 1476K [0x00000000d5580000, 0x00000000d6f80000, 0x0000000100000000)
  eden space 20992K, 0% used [0x00000000d5580000,0x00000000d5580000,0x00000000d6a00000)
  from space 1536K, 96% used [0x00000000d6e00000,0x00000000d6f71388,0x00000000d6f80000)
  to   space 1536K, 0% used [0x00000000d6c80000,0x00000000d6c80000,0x00000000d6e00000)
 ParOldGen       total 68608K, used 43541K [0x0000000080000000, 0x0000000084300000, 0x00000000d5580000)
  object space 68608K, 63% used [0x0000000080000000,0x0000000082a85660,0x0000000084300000)
 Metaspace       used 58463K, committed 59776K, reserved 1114112K
  class space    used 6258K, committed 6848K, reserved 1048576K
}
Event: 33.125 GC heap after
{Heap after GC invocations=35 (full 3):
 PSYoungGen      total 22528K, used 0K [0x00000000d5580000, 0x00000000d6f80000, 0x0000000100000000)
  eden space 20992K, 0% used [0x00000000d5580000,0x00000000d5580000,0x00000000d6a00000)
  from space 1536K, 0% used [0x00000000d6e00000,0x00000000d6e00000,0x00000000d6f80000)
  to   space 1536K, 0% used [0x00000000d6c80000,0x00000000d6c80000,0x00000000d6e00000)
 ParOldGen       total 68608K, used 41291K [0x0000000080000000, 0x0000000084300000, 0x00000000d5580000)
  object space 68608K, 60% used [0x0000000080000000,0x0000000082852fe8,0x0000000084300000)
 Metaspace       used 58463K, committed 59776K, reserved 1114112K
  class space    used 6258K, committed 6848K, reserved 1048576K
}
Event: 34.939 GC heap before
{Heap before GC invocations=36 (full 3):
 PSYoungGen      total 22528K, used 20992K [0x00000000d5580000, 0x00000000d6f80000, 0x0000000100000000)
  eden space 20992K, 100% used [0x00000000d5580000,0x00000000d6a00000,0x00000000d6a00000)
  from space 1536K, 0% used [0x00000000d6e00000,0x00000000d6e00000,0x00000000d6f80000)
  to   space 1536K, 0% used [0x00000000d6c80000,0x00000000d6c80000,0x00000000d6e00000)
 ParOldGen       total 68608K, used 41291K [0x0000000080000000, 0x0000000084300000, 0x00000000d5580000)
  object space 68608K, 60% used [0x0000000080000000,0x0000000082852fe8,0x0000000084300000)
 Metaspace       used 60219K, committed 61568K, reserved 1114112K
  class space    used 6411K, committed 7040K, reserved 1048576K
}
Event: 34.944 GC heap after
{Heap after GC invocations=36 (full 3):
 PSYoungGen      total 22528K, used 1509K [0x00000000d5580000, 0x00000000d6e80000, 0x0000000100000000)
  eden space 20992K, 0% used [0x00000000d5580000,0x00000000d5580000,0x00000000d6a00000)
  from space 1536K, 98% used [0x00000000d6c80000,0x00000000d6df9798,0x00000000d6e00000)
  to   space 512K, 0% used [0x00000000d6e00000,0x00000000d6e00000,0x00000000d6e80000)
 ParOldGen       total 68608K, used 41428K [0x0000000080000000, 0x0000000084300000, 0x00000000d5580000)
  object space 68608K, 60% used [0x0000000080000000,0x00000000828753a0,0x0000000084300000)
 Metaspace       used 60219K, committed 61568K, reserved 1114112K
  class space    used 6411K, committed 7040K, reserved 1048576K
}
Event: 36.559 GC heap before
{Heap before GC invocations=37 (full 3):
 PSYoungGen      total 22528K, used 22501K [0x00000000d5580000, 0x00000000d6e80000, 0x0000000100000000)
  eden space 20992K, 100% used [0x00000000d5580000,0x00000000d6a00000,0x00000000d6a00000)
  from space 1536K, 98% used [0x00000000d6c80000,0x00000000d6df9798,0x00000000d6e00000)
  to   space 512K, 0% used [0x00000000d6e00000,0x00000000d6e00000,0x00000000d6e80000)
 ParOldGen       total 68608K, used 41428K [0x0000000080000000, 0x0000000084300000, 0x00000000d5580000)
  object space 68608K, 60% used [0x0000000080000000,0x00000000828753a0,0x0000000084300000)
 Metaspace       used 61518K, committed 62912K, reserved 1114112K
  class space    used 6527K, committed 7168K, reserved 1048576K
}
Event: 36.563 GC heap after
{Heap after GC invocations=37 (full 3):
 PSYoungGen      total 21504K, used 512K [0x00000000d5580000, 0x00000000d7200000, 0x0000000100000000)
  eden space 20992K, 0% used [0x00000000d5580000,0x00000000d5580000,0x00000000d6a00000)
  from space 512K, 100% used [0x00000000d6e00000,0x00000000d6e80000,0x00000000d6e80000)
  to   space 4096K, 0% used [0x00000000d6a00000,0x00000000d6a00000,0x00000000d6e00000)
 ParOldGen       total 68608K, used 44407K [0x0000000080000000, 0x0000000084300000, 0x00000000d5580000)
  object space 68608K, 64% used [0x0000000080000000,0x0000000082b5dc78,0x0000000084300000)
 Metaspace       used 61518K, committed 62912K, reserved 1114112K
  class space    used 6527K, committed 7168K, reserved 1048576K
}
Event: 43.280 GC heap before
{Heap before GC invocations=38 (full 3):
 PSYoungGen      total 21504K, used 21504K [0x00000000d5580000, 0x00000000d7200000, 0x0000000100000000)
  eden space 20992K, 100% used [0x00000000d5580000,0x00000000d6a00000,0x00000000d6a00000)
  from space 512K, 100% used [0x00000000d6e00000,0x00000000d6e80000,0x00000000d6e80000)
  to   space 4096K, 0% used [0x00000000d6a00000,0x00000000d6a00000,0x00000000d6e00000)
 ParOldGen       total 68608K, used 44407K [0x0000000080000000, 0x0000000084300000, 0x00000000d5580000)
  object space 68608K, 64% used [0x0000000080000000,0x0000000082b5dc78,0x0000000084300000)
 Metaspace       used 63521K, committed 64960K, reserved 1114112K
  class space    used 6742K, committed 7360K, reserved 1048576K
}
Event: 43.284 GC heap after
{Heap after GC invocations=38 (full 3):
 PSYoungGen      total 22016K, used 984K [0x00000000d5580000, 0x00000000d6e80000, 0x0000000100000000)
  eden space 20992K, 0% used [0x00000000d5580000,0x00000000d5580000,0x00000000d6a00000)
  from space 1024K, 96% used [0x00000000d6a00000,0x00000000d6af6260,0x00000000d6b00000)
  to   space 2048K, 0% used [0x00000000d6c80000,0x00000000d6c80000,0x00000000d6e80000)
 ParOldGen       total 68608K, used 44927K [0x0000000080000000, 0x0000000084300000, 0x00000000d5580000)
  object space 68608K, 65% used [0x0000000080000000,0x0000000082bdfc78,0x0000000084300000)
 Metaspace       used 63521K, committed 64960K, reserved 1114112K
  class space    used 6742K, committed 7360K, reserved 1048576K
}

